[DEBUG] 10:00:04:812 LOG-GLOBAL-CPU/(5256:5256): Se recibio de memoria ENTRADAS_POR_TABLA: 4, TAM_PAGINA: 256 

[INFO] 10:00:14:693 LOG-GLOBAL-CPU/(5256:5257): Se ejecuta la operacion NO_OP con un retardo de 100 milisegundos 

[INFO] 10:00:14:793 LOG-GLOBAL-CPU/(5256:5257): Se ejecuta la operacion NO_OP con un retardo de 100 milisegundos 

[INFO] 10:00:14:895 LOG-GLOBAL-CPU/(5256:5257): Se ejecuta la operacion NO_OP con un retardo de 100 milisegundos 

[INFO] 10:00:14:996 LOG-GLOBAL-CPU/(5256:5257): Se ejecuta la operacion NO_OP con un retardo de 100 milisegundos 

[INFO] 10:00:15:096 LOG-GLOBAL-CPU/(5256:5257): Se ejecuta la operacion NO_OP con un retardo de 100 milisegundos 

[INFO] 10:00:15:197 LOG-GLOBAL-CPU/(5256:5257): Se ejecuta la operacion NO_OP con un retardo de 100 milisegundos 

[INFO] 10:00:15:297 LOG-GLOBAL-CPU/(5256:5257): Se ejecuta la operacion NO_OP con un retardo de 100 milisegundos 

[INFO] 10:00:15:398 LOG-GLOBAL-CPU/(5256:5257): Se ejecuta la operacion NO_OP con un retardo de 100 milisegundos 

[INFO] 10:00:15:498 LOG-GLOBAL-CPU/(5256:5257): Se ejecuta la operacion NO_OP con un retardo de 100 milisegundos 

[INFO] 10:00:15:599 LOG-GLOBAL-CPU/(5256:5257): Se ejecuta la operacion NO_OP con un retardo de 100 milisegundos 

[INFO] 10:00:15:599 LOG-GLOBAL-CPU/(5256:5257): Se ejecuta una operacion de escritura. Se realizara la traduccion de DL a un 

[INFO] 10:00:17:707 LOG-GLOBAL-CPU/(5256:5257): Se ejecuta la operacion NO_OP con un retardo de 100 milisegundos 

[INFO] 10:00:17:807 LOG-GLOBAL-CPU/(5256:5257): Se ejecuta la operacion NO_OP con un retardo de 100 milisegundos 

[INFO] 10:00:17:907 LOG-GLOBAL-CPU/(5256:5257): Se ejecuta la operacion NO_OP con un retardo de 100 milisegundos 

[INFO] 10:00:18:007 LOG-GLOBAL-CPU/(5256:5257): Se ejecuta la operacion NO_OP con un retardo de 100 milisegundos 

[INFO] 10:00:18:108 LOG-GLOBAL-CPU/(5256:5257): Se ejecuta la operacion NO_OP con un retardo de 100 milisegundos 

[INFO] 10:00:18:208 LOG-GLOBAL-CPU/(5256:5257): Se ejecuta la operacion NO_OP con un retardo de 100 milisegundos 

[INFO] 10:00:18:308 LOG-GLOBAL-CPU/(5256:5257): Se ejecuta la operacion NO_OP con un retardo de 100 milisegundos 

[INFO] 10:00:18:409 LOG-GLOBAL-CPU/(5256:5257): Se ejecuta la operacion NO_OP con un retardo de 100 milisegundos 

[INFO] 10:00:18:509 LOG-GLOBAL-CPU/(5256:5257): Se ejecuta la operacion NO_OP con un retardo de 100 milisegundos 

[INFO] 10:00:18:610 LOG-GLOBAL-CPU/(5256:5257): Se ejecuta la operacion NO_OP con un retardo de 100 milisegundos 

[INFO] 10:00:18:610 LOG-GLOBAL-CPU/(5256:5257): Se ejecuta una operacion de escritura. Se realizara la traduccion de DL a un 

[INFO] 10:00:20:331 LOG-GLOBAL-CPU/(5256:5257): Se ejecuta la operacion NO_OP con un retardo de 100 milisegundos 

[INFO] 10:00:20:431 LOG-GLOBAL-CPU/(5256:5257): Se ejecuta la operacion NO_OP con un retardo de 100 milisegundos 

[INFO] 10:00:20:431 LOG-GLOBAL-CPU/(5256:5257): Se ejecuta una operacion de escritura. Se realizara la traduccion de DL a un 

[INFO] 10:00:20:534 LOG-GLOBAL-CPU/(5256:5257): Se ejecuta la operacion NO_OP con un retardo de 100 milisegundos 

[INFO] 10:00:20:635 LOG-GLOBAL-CPU/(5256:5257): Se ejecuta la operacion NO_OP con un retardo de 100 milisegundos 

[INFO] 10:00:20:635 LOG-GLOBAL-CPU/(5256:5257): Se ejecuta una operacion de escritura. Se realizara la traduccion de DL a un 

[INFO] 10:00:20:736 LOG-GLOBAL-CPU/(5256:5257): Se ejecuta la operacion NO_OP con un retardo de 100 milisegundos 

[INFO] 10:00:20:836 LOG-GLOBAL-CPU/(5256:5257): Se ejecuta la operacion NO_OP con un retardo de 100 milisegundos 

[INFO] 10:00:20:836 LOG-GLOBAL-CPU/(5256:5257): Se ejecuta una operacion de escritura. Se realizara la traduccion de DL a un 

[INFO] 10:00:21:766 LOG-GLOBAL-CPU/(5256:5257): Se ejecuta la operacion NO_OP con un retardo de 100 milisegundos 

[INFO] 10:00:21:866 LOG-GLOBAL-CPU/(5256:5257): Se ejecuta la operacion NO_OP con un retardo de 100 milisegundos 

[INFO] 10:00:21:967 LOG-GLOBAL-CPU/(5256:5257): Se ejecuta la operacion NO_OP con un retardo de 100 milisegundos 

[INFO] 10:00:22:067 LOG-GLOBAL-CPU/(5256:5257): Se ejecuta la operacion NO_OP con un retardo de 100 milisegundos 

[INFO] 10:00:22:167 LOG-GLOBAL-CPU/(5256:5257): Se ejecuta la operacion NO_OP con un retardo de 100 milisegundos 

[INFO] 10:00:22:268 LOG-GLOBAL-CPU/(5256:5257): Se ejecuta la operacion NO_OP con un retardo de 100 milisegundos 

[INFO] 10:00:22:368 LOG-GLOBAL-CPU/(5256:5257): Se ejecuta la operacion NO_OP con un retardo de 100 milisegundos 

[INFO] 10:00:22:469 LOG-GLOBAL-CPU/(5256:5257): Se ejecuta la operacion NO_OP con un retardo de 100 milisegundos 

[INFO] 10:00:22:569 LOG-GLOBAL-CPU/(5256:5257): Se ejecuta la operacion NO_OP con un retardo de 100 milisegundos 

[INFO] 10:00:22:669 LOG-GLOBAL-CPU/(5256:5257): Se ejecuta la operacion NO_OP con un retardo de 100 milisegundos 

[INFO] 10:00:22:669 LOG-GLOBAL-CPU/(5256:5257): Se ejecuta una operacion de escritura. Se realizara la traduccion de DL a un 

[INFO] 10:00:23:673 LOG-GLOBAL-CPU/(5256:5257): Se ejecuta una operacion de escritura. Se realizara la traduccion de DL a un 

[INFO] 10:00:23:674 LOG-GLOBAL-CPU/(5256:5257): Se ejecuta una operacion de escritura. Se realizara la traduccion de DL a un 

[INFO] 10:00:24:681 LOG-GLOBAL-CPU/(5256:5257): Se ejecuta una operacion de escritura. Se realizara la traduccion de DL a un 

[INFO] 10:00:24:683 LOG-GLOBAL-CPU/(5256:5257): Se ejecuta una operacion de escritura. Se realizara la traduccion de DL a un 

[INFO] 10:00:26:791 LOG-GLOBAL-CPU/(5256:5257): Se ejecuta la operacion NO_OP con un retardo de 100 milisegundos 

[INFO] 10:00:26:891 LOG-GLOBAL-CPU/(5256:5257): Se ejecuta la operacion NO_OP con un retardo de 100 milisegundos 

[INFO] 10:00:26:992 LOG-GLOBAL-CPU/(5256:5257): Se ejecuta la operacion NO_OP con un retardo de 100 milisegundos 

[INFO] 10:00:27:093 LOG-GLOBAL-CPU/(5256:5257): Se ejecuta la operacion NO_OP con un retardo de 100 milisegundos 

[INFO] 10:00:27:193 LOG-GLOBAL-CPU/(5256:5257): Se ejecuta la operacion NO_OP con un retardo de 100 milisegundos 

[INFO] 10:00:27:193 LOG-GLOBAL-CPU/(5256:5257): Se ejecuta una operacion de escritura. Se realizara la traduccion de DL a un 

[INFO] 10:00:28:298 LOG-GLOBAL-CPU/(5256:5257): Se ejecuta la operacion NO_OP con un retardo de 100 milisegundos 

[INFO] 10:00:28:398 LOG-GLOBAL-CPU/(5256:5257): Se ejecuta la operacion NO_OP con un retardo de 100 milisegundos 

[INFO] 10:00:28:499 LOG-GLOBAL-CPU/(5256:5257): Se ejecuta la operacion NO_OP con un retardo de 100 milisegundos 

[INFO] 10:00:28:599 LOG-GLOBAL-CPU/(5256:5257): Se ejecuta la operacion NO_OP con un retardo de 100 milisegundos 

[INFO] 10:00:28:700 LOG-GLOBAL-CPU/(5256:5257): Se ejecuta la operacion NO_OP con un retardo de 100 milisegundos 

[INFO] 10:00:28:700 LOG-GLOBAL-CPU/(5256:5257): Se ejecuta una operacion de escritura. Se realizara la traduccion de DL a un 

[INFO] 10:00:29:804 LOG-GLOBAL-CPU/(5256:5257): Se ejecuta la operacion NO_OP con un retardo de 100 milisegundos 

[INFO] 10:00:29:904 LOG-GLOBAL-CPU/(5256:5257): Se ejecuta la operacion NO_OP con un retardo de 100 milisegundos 

[INFO] 10:00:30:005 LOG-GLOBAL-CPU/(5256:5257): Se ejecuta la operacion NO_OP con un retardo de 100 milisegundos 

[INFO] 10:00:30:105 LOG-GLOBAL-CPU/(5256:5257): Se ejecuta la operacion NO_OP con un retardo de 100 milisegundos 

[INFO] 10:00:30:206 LOG-GLOBAL-CPU/(5256:5257): Se ejecuta la operacion NO_OP con un retardo de 100 milisegundos 

[INFO] 10:00:30:206 LOG-GLOBAL-CPU/(5256:5257): Se ejecuta una operacion de escritura. Se realizara la traduccion de DL a un 

[INFO] 10:00:31:311 LOG-GLOBAL-CPU/(5256:5257): Se ejecuta la operacion NO_OP con un retardo de 100 milisegundos 

[INFO] 10:00:31:412 LOG-GLOBAL-CPU/(5256:5257): Se ejecuta la operacion NO_OP con un retardo de 100 milisegundos 

[INFO] 10:00:31:512 LOG-GLOBAL-CPU/(5256:5257): Se ejecuta la operacion NO_OP con un retardo de 100 milisegundos 

[INFO] 10:00:31:613 LOG-GLOBAL-CPU/(5256:5257): Se ejecuta la operacion NO_OP con un retardo de 100 milisegundos 

[INFO] 10:00:31:713 LOG-GLOBAL-CPU/(5256:5257): Se ejecuta la operacion NO_OP con un retardo de 100 milisegundos 

[INFO] 10:00:31:713 LOG-GLOBAL-CPU/(5256:5257): Se ejecuta una operacion de escritura. Se realizara la traduccion de DL a un 

[INFO] 10:00:33:818 LOG-GLOBAL-CPU/(5256:5257): Se ejecuta la operacion NO_OP con un retardo de 100 milisegundos 

[INFO] 10:00:33:918 LOG-GLOBAL-CPU/(5256:5257): Se ejecuta la operacion NO_OP con un retardo de 100 milisegundos 

[INFO] 10:00:34:019 LOG-GLOBAL-CPU/(5256:5257): Se ejecuta la operacion NO_OP con un retardo de 100 milisegundos 

[INFO] 10:00:34:119 LOG-GLOBAL-CPU/(5256:5257): Se ejecuta la operacion NO_OP con un retardo de 100 milisegundos 

[INFO] 10:00:34:220 LOG-GLOBAL-CPU/(5256:5257): Se ejecuta la operacion NO_OP con un retardo de 100 milisegundos 

[INFO] 10:00:34:320 LOG-GLOBAL-CPU/(5256:5257): Se ejecuta la operacion NO_OP con un retardo de 100 milisegundos 

[INFO] 10:00:34:421 LOG-GLOBAL-CPU/(5256:5257): Se ejecuta la operacion NO_OP con un retardo de 100 milisegundos 

[INFO] 10:00:34:521 LOG-GLOBAL-CPU/(5256:5257): Se ejecuta la operacion NO_OP con un retardo de 100 milisegundos 

[INFO] 10:00:34:621 LOG-GLOBAL-CPU/(5256:5257): Se ejecuta la operacion NO_OP con un retardo de 100 milisegundos 

[INFO] 10:00:34:722 LOG-GLOBAL-CPU/(5256:5257): Se ejecuta la operacion NO_OP con un retardo de 100 milisegundos 

[INFO] 10:00:34:722 LOG-GLOBAL-CPU/(5256:5257): Se ejecuta una operacion de i/o, el PCB se devolvera a Kernel 

[INFO] 10:00:34:824 LOG-GLOBAL-CPU/(5256:5257): Se ejecuta la operacion NO_OP con un retardo de 100 milisegundos 

[INFO] 10:00:34:924 LOG-GLOBAL-CPU/(5256:5257): Se ejecuta la operacion NO_OP con un retardo de 100 milisegundos 

[INFO] 10:00:34:924 LOG-GLOBAL-CPU/(5256:5257): Se ejecuta una operacion de i/o, el PCB se devolvera a Kernel 

[INFO] 10:00:35:028 LOG-GLOBAL-CPU/(5256:5257): Se ejecuta la operacion NO_OP con un retardo de 100 milisegundos 

[INFO] 10:00:35:128 LOG-GLOBAL-CPU/(5256:5257): Se ejecuta la operacion NO_OP con un retardo de 100 milisegundos 

[INFO] 10:00:35:128 LOG-GLOBAL-CPU/(5256:5257): Se ejecuta una operacion de escritura. Se realizara la traduccion de DL a un 

[INFO] 10:00:35:232 LOG-GLOBAL-CPU/(5256:5257): Se ejecuta la operacion NO_OP con un retardo de 100 milisegundos 

[INFO] 10:00:35:332 LOG-GLOBAL-CPU/(5256:5257): Se ejecuta la operacion NO_OP con un retardo de 100 milisegundos 

[INFO] 10:00:35:332 LOG-GLOBAL-CPU/(5256:5257): Se ejecuta una operacion de escritura. Se realizara la traduccion de DL a un 

[INFO] 10:00:40:440 LOG-GLOBAL-CPU/(5256:5257): Se ejecuta la operacion NO_OP con un retardo de 100 milisegundos 

[INFO] 10:00:40:543 LOG-GLOBAL-CPU/(5256:5257): Se ejecuta la operacion NO_OP con un retardo de 100 milisegundos 

[INFO] 10:00:40:643 LOG-GLOBAL-CPU/(5256:5257): Se ejecuta la operacion NO_OP con un retardo de 100 milisegundos 

[INFO] 10:00:40:744 LOG-GLOBAL-CPU/(5256:5257): Se ejecuta la operacion NO_OP con un retardo de 100 milisegundos 

[INFO] 10:00:40:845 LOG-GLOBAL-CPU/(5256:5257): Se ejecuta la operacion NO_OP con un retardo de 100 milisegundos 

[INFO] 10:00:40:945 LOG-GLOBAL-CPU/(5256:5257): Se ejecuta la operacion NO_OP con un retardo de 100 milisegundos 

[INFO] 10:00:41:045 LOG-GLOBAL-CPU/(5256:5257): Se ejecuta la operacion NO_OP con un retardo de 100 milisegundos 

[INFO] 10:00:41:146 LOG-GLOBAL-CPU/(5256:5257): Se ejecuta la operacion NO_OP con un retardo de 100 milisegundos 

[INFO] 10:00:41:246 LOG-GLOBAL-CPU/(5256:5257): Se ejecuta la operacion NO_OP con un retardo de 100 milisegundos 

[INFO] 10:00:41:347 LOG-GLOBAL-CPU/(5256:5257): Se ejecuta la operacion NO_OP con un retardo de 100 milisegundos 

[INFO] 10:00:41:447 LOG-GLOBAL-CPU/(5256:5257): Se ejecuta la operacion NO_OP con un retardo de 100 milisegundos 

[INFO] 10:00:41:447 LOG-GLOBAL-CPU/(5256:5257): Se ejecuta una operacion de lectura. Se realizara la traduccion de DL a DF 

[INFO] 10:00:42:552 LOG-GLOBAL-CPU/(5256:5257): Se ejecuta la operacion NO_OP con un retardo de 100 milisegundos 

[INFO] 10:00:42:652 LOG-GLOBAL-CPU/(5256:5257): Se ejecuta la operacion NO_OP con un retardo de 100 milisegundos 

[INFO] 10:00:42:753 LOG-GLOBAL-CPU/(5256:5257): Se ejecuta la operacion NO_OP con un retardo de 100 milisegundos 

[INFO] 10:00:42:853 LOG-GLOBAL-CPU/(5256:5257): Se ejecuta la operacion NO_OP con un retardo de 100 milisegundos 

[INFO] 10:00:42:953 LOG-GLOBAL-CPU/(5256:5257): Se ejecuta la operacion NO_OP con un retardo de 100 milisegundos 

[INFO] 10:00:42:953 LOG-GLOBAL-CPU/(5256:5257): Se ejecuta una operacion de lectura. Se realizara la traduccion de DL a DF 

[INFO] 10:00:44:065 LOG-GLOBAL-CPU/(5256:5257): Se ejecuta la operacion NO_OP con un retardo de 100 milisegundos 

[INFO] 10:00:44:165 LOG-GLOBAL-CPU/(5256:5257): Se ejecuta la operacion NO_OP con un retardo de 100 milisegundos 

[INFO] 10:00:44:266 LOG-GLOBAL-CPU/(5256:5257): Se ejecuta la operacion NO_OP con un retardo de 100 milisegundos 

[INFO] 10:00:44:367 LOG-GLOBAL-CPU/(5256:5257): Se ejecuta la operacion NO_OP con un retardo de 100 milisegundos 

[INFO] 10:00:44:467 LOG-GLOBAL-CPU/(5256:5257): Se ejecuta la operacion NO_OP con un retardo de 100 milisegundos 

[INFO] 10:00:44:467 LOG-GLOBAL-CPU/(5256:5257): Se ejecuta una operacion de lectura. Se realizara la traduccion de DL a DF 

[INFO] 10:00:45:571 LOG-GLOBAL-CPU/(5256:5257): Se ejecuta la operacion NO_OP con un retardo de 100 milisegundos 

[INFO] 10:00:45:672 LOG-GLOBAL-CPU/(5256:5257): Se ejecuta la operacion NO_OP con un retardo de 100 milisegundos 

[INFO] 10:00:45:773 LOG-GLOBAL-CPU/(5256:5257): Se ejecuta la operacion NO_OP con un retardo de 100 milisegundos 

[INFO] 10:00:45:873 LOG-GLOBAL-CPU/(5256:5257): Se ejecuta la operacion NO_OP con un retardo de 100 milisegundos 

[INFO] 10:00:45:974 LOG-GLOBAL-CPU/(5256:5257): Se ejecuta la operacion NO_OP con un retardo de 100 milisegundos 

[INFO] 10:00:45:974 LOG-GLOBAL-CPU/(5256:5257): Se ejecuta una operacion de lectura. Se realizara la traduccion de DL a DF 

[INFO] 10:00:47:079 LOG-GLOBAL-CPU/(5256:5257): Se ejecuta la operacion NO_OP con un retardo de 100 milisegundos 

[INFO] 10:00:47:180 LOG-GLOBAL-CPU/(5256:5257): Se ejecuta la operacion NO_OP con un retardo de 100 milisegundos 

[INFO] 10:00:47:280 LOG-GLOBAL-CPU/(5256:5257): Se ejecuta la operacion NO_OP con un retardo de 100 milisegundos 

[INFO] 10:00:47:380 LOG-GLOBAL-CPU/(5256:5257): Se ejecuta la operacion NO_OP con un retardo de 100 milisegundos 

[INFO] 10:00:47:481 LOG-GLOBAL-CPU/(5256:5257): Se ejecuta la operacion NO_OP con un retardo de 100 milisegundos 

[INFO] 10:00:47:481 LOG-GLOBAL-CPU/(5256:5257): Se ejecuta una operacion de lectura. Se realizara la traduccion de DL a DF 

[INFO] 10:00:48:586 LOG-GLOBAL-CPU/(5256:5257): Se ejecuta la operacion NO_OP con un retardo de 100 milisegundos 

[INFO] 10:00:48:686 LOG-GLOBAL-CPU/(5256:5257): Se ejecuta la operacion NO_OP con un retardo de 100 milisegundos 

[INFO] 10:00:48:787 LOG-GLOBAL-CPU/(5256:5257): Se ejecuta la operacion NO_OP con un retardo de 100 milisegundos 

[INFO] 10:00:48:887 LOG-GLOBAL-CPU/(5256:5257): Se ejecuta la operacion NO_OP con un retardo de 100 milisegundos 

[INFO] 10:00:48:988 LOG-GLOBAL-CPU/(5256:5257): Se ejecuta la operacion NO_OP con un retardo de 100 milisegundos 

[INFO] 10:00:48:988 LOG-GLOBAL-CPU/(5256:5257): Se ejecuta una operacion de i/o, el PCB se devolvera a Kernel 

[INFO] 10:00:49:091 LOG-GLOBAL-CPU/(5256:5257): Se ejecuta la operacion NO_OP con un retardo de 100 milisegundos 

[INFO] 10:00:49:192 LOG-GLOBAL-CPU/(5256:5257): Se ejecuta la operacion NO_OP con un retardo de 100 milisegundos 

[INFO] 10:00:49:192 LOG-GLOBAL-CPU/(5256:5257): Se ejecuta una operacion de i/o, el PCB se devolvera a Kernel 

[INFO] 10:00:49:294 LOG-GLOBAL-CPU/(5256:5257): Se ejecuta la operacion NO_OP con un retardo de 100 milisegundos 

[INFO] 10:00:49:397 LOG-GLOBAL-CPU/(5256:5257): Se ejecuta la operacion NO_OP con un retardo de 100 milisegundos 

[INFO] 10:00:49:497 LOG-GLOBAL-CPU/(5256:5257): Se ejecuta la operacion NO_OP con un retardo de 100 milisegundos 

[INFO] 10:00:49:497 LOG-GLOBAL-CPU/(5256:5257): Se ejecuta una operacion de i/o, el PCB se devolvera a Kernel 

[INFO] 10:00:49:599 LOG-GLOBAL-CPU/(5256:5257): Se ejecuta la operacion NO_OP con un retardo de 100 milisegundos 

[INFO] 10:00:49:701 LOG-GLOBAL-CPU/(5256:5257): Se ejecuta la operacion NO_OP con un retardo de 100 milisegundos 

[INFO] 10:00:49:802 LOG-GLOBAL-CPU/(5256:5257): Se ejecuta la operacion NO_OP con un retardo de 100 milisegundos 

[INFO] 10:00:49:903 LOG-GLOBAL-CPU/(5256:5257): Se ejecuta la operacion NO_OP con un retardo de 100 milisegundos 

[INFO] 10:00:49:903 LOG-GLOBAL-CPU/(5256:5257): Se ejecuta una operacion de i/o, el PCB se devolvera a Kernel 

[INFO] 10:00:50:006 LOG-GLOBAL-CPU/(5256:5257): Se ejecuta la operacion NO_OP con un retardo de 100 milisegundos 

[INFO] 10:00:50:106 LOG-GLOBAL-CPU/(5256:5257): Se ejecuta la operacion NO_OP con un retardo de 100 milisegundos 

[INFO] 10:00:50:106 LOG-GLOBAL-CPU/(5256:5257): Se ejecuta una operacion de i/o, el PCB se devolvera a Kernel 

[INFO] 10:00:50:207 LOG-GLOBAL-CPU/(5256:5257): Se ejecuta la operacion NO_OP con un retardo de 100 milisegundos 

[INFO] 10:00:50:208 LOG-GLOBAL-CPU/(5256:5257): Se ejecuta una operacion de escritura. Se realizara la traduccion de DL a un 

[INFO] 10:00:51:100 LOG-GLOBAL-CPU/(5256:5257): Se ejecuta la operacion NO_OP con un retardo de 100 milisegundos 

[INFO] 10:00:51:203 LOG-GLOBAL-CPU/(5256:5257): Se ejecuta la operacion NO_OP con un retardo de 100 milisegundos 

[INFO] 10:00:51:303 LOG-GLOBAL-CPU/(5256:5257): Se ejecuta la operacion NO_OP con un retardo de 100 milisegundos 

[INFO] 10:00:51:404 LOG-GLOBAL-CPU/(5256:5257): Se ejecuta la operacion NO_OP con un retardo de 100 milisegundos 

[INFO] 10:00:51:504 LOG-GLOBAL-CPU/(5256:5257): Se ejecuta la operacion NO_OP con un retardo de 100 milisegundos 

[INFO] 10:00:51:504 LOG-GLOBAL-CPU/(5256:5257): Se ejecuta una operacion de i/o, el PCB se devolvera a Kernel 

[INFO] 10:00:51:606 LOG-GLOBAL-CPU/(5256:5257): Se ejecuta la operacion NO_OP con un retardo de 100 milisegundos 

[INFO] 10:00:51:709 LOG-GLOBAL-CPU/(5256:5257): Se ejecuta la operacion NO_OP con un retardo de 100 milisegundos 

[INFO] 10:00:51:809 LOG-GLOBAL-CPU/(5256:5257): Se ejecuta la operacion NO_OP con un retardo de 100 milisegundos 

[INFO] 10:00:51:909 LOG-GLOBAL-CPU/(5256:5257): Se ejecuta la operacion NO_OP con un retardo de 100 milisegundos 

[INFO] 10:00:52:010 LOG-GLOBAL-CPU/(5256:5257): Se ejecuta la operacion NO_OP con un retardo de 100 milisegundos 

[INFO] 10:00:52:110 LOG-GLOBAL-CPU/(5256:5257): Se ejecuta la operacion NO_OP con un retardo de 100 milisegundos 

[INFO] 10:00:52:110 LOG-GLOBAL-CPU/(5256:5257): Se ejecuta una operacion de i/o, el PCB se devolvera a Kernel 

[INFO] 10:00:52:213 LOG-GLOBAL-CPU/(5256:5257): Se ejecuta la operacion NO_OP con un retardo de 100 milisegundos 

[INFO] 10:00:52:213 LOG-GLOBAL-CPU/(5256:5257): Se ejecuta una operacion de i/o, el PCB se devolvera a Kernel 

[INFO] 10:00:52:315 LOG-GLOBAL-CPU/(5256:5257): Se ejecuta la operacion NO_OP con un retardo de 100 milisegundos 

[INFO] 10:00:52:417 LOG-GLOBAL-CPU/(5256:5257): Se ejecuta la operacion NO_OP con un retardo de 100 milisegundos 

[INFO] 10:00:52:518 LOG-GLOBAL-CPU/(5256:5257): Se ejecuta la operacion NO_OP con un retardo de 100 milisegundos 

[INFO] 10:00:52:618 LOG-GLOBAL-CPU/(5256:5257): Se ejecuta la operacion NO_OP con un retardo de 100 milisegundos 

[INFO] 10:00:52:718 LOG-GLOBAL-CPU/(5256:5257): Se ejecuta la operacion NO_OP con un retardo de 100 milisegundos 

[INFO] 10:00:52:719 LOG-GLOBAL-CPU/(5256:5257): Se ejecuta una operacion de i/o, el PCB se devolvera a Kernel 

[INFO] 10:00:52:820 LOG-GLOBAL-CPU/(5256:5257): Se ejecuta la operacion NO_OP con un retardo de 100 milisegundos 

[INFO] 10:00:52:922 LOG-GLOBAL-CPU/(5256:5257): Se ejecuta la operacion NO_OP con un retardo de 100 milisegundos 

[INFO] 10:00:53:023 LOG-GLOBAL-CPU/(5256:5257): Se ejecuta la operacion NO_OP con un retardo de 100 milisegundos 

[INFO] 10:00:53:124 LOG-GLOBAL-CPU/(5256:5257): Se ejecuta la operacion NO_OP con un retardo de 100 milisegundos 

[INFO] 10:00:53:224 LOG-GLOBAL-CPU/(5256:5257): Se ejecuta la operacion NO_OP con un retardo de 100 milisegundos 

[INFO] 10:00:53:324 LOG-GLOBAL-CPU/(5256:5257): Se ejecuta la operacion NO_OP con un retardo de 100 milisegundos 

[INFO] 10:00:53:324 LOG-GLOBAL-CPU/(5256:5257): Se ejecuta una operacion de i/o, el PCB se devolvera a Kernel 

[INFO] 10:00:53:426 LOG-GLOBAL-CPU/(5256:5257): Se ejecuta la operacion NO_OP con un retardo de 100 milisegundos 

[INFO] 10:00:53:426 LOG-GLOBAL-CPU/(5256:5257): Se ejecuta una operacion de i/o, el PCB se devolvera a Kernel 

[INFO] 10:00:53:529 LOG-GLOBAL-CPU/(5256:5257): Se ejecuta la operacion NO_OP con un retardo de 100 milisegundos 

[INFO] 10:00:53:631 LOG-GLOBAL-CPU/(5256:5257): Se ejecuta la operacion NO_OP con un retardo de 100 milisegundos 

[INFO] 10:00:53:732 LOG-GLOBAL-CPU/(5256:5257): Se ejecuta la operacion NO_OP con un retardo de 100 milisegundos 

[INFO] 10:00:53:832 LOG-GLOBAL-CPU/(5256:5257): Se ejecuta la operacion NO_OP con un retardo de 100 milisegundos 

[INFO] 10:00:53:932 LOG-GLOBAL-CPU/(5256:5257): Se ejecuta la operacion NO_OP con un retardo de 100 milisegundos 

[INFO] 10:00:54:034 LOG-GLOBAL-CPU/(5256:5257): Se ejecuta la operacion NO_OP con un retardo de 100 milisegundos 

[INFO] 10:00:54:134 LOG-GLOBAL-CPU/(5256:5257): Se ejecuta la operacion NO_OP con un retardo de 100 milisegundos 

[INFO] 10:00:54:234 LOG-GLOBAL-CPU/(5256:5257): Se ejecuta la operacion NO_OP con un retardo de 100 milisegundos 

[INFO] 10:00:54:334 LOG-GLOBAL-CPU/(5256:5257): Se ejecuta la operacion NO_OP con un retardo de 100 milisegundos 

[INFO] 10:00:54:434 LOG-GLOBAL-CPU/(5256:5257): Se ejecuta la operacion NO_OP con un retardo de 100 milisegundos 

[INFO] 10:00:54:435 LOG-GLOBAL-CPU/(5256:5257): Se ejecuta la instruccion EXIT. El proceso sera devuelto a kernel 

[DEBUG] 10:00:54:435 LOG-GLOBAL-CPU/(5256:5257): El proceso fue devuelto a kernel porque finalizo 

[INFO] 10:00:55:539 LOG-GLOBAL-CPU/(5256:5257): Se ejecuta la operacion NO_OP con un retardo de 100 milisegundos 

[INFO] 10:00:55:640 LOG-GLOBAL-CPU/(5256:5257): Se ejecuta la operacion NO_OP con un retardo de 100 milisegundos 

[INFO] 10:00:55:640 LOG-GLOBAL-CPU/(5256:5257): Se ejecuta una operacion de i/o, el PCB se devolvera a Kernel 

[INFO] 10:00:55:743 LOG-GLOBAL-CPU/(5256:5257): Se ejecuta la operacion NO_OP con un retardo de 100 milisegundos 

[INFO] 10:00:55:844 LOG-GLOBAL-CPU/(5256:5257): Se ejecuta la operacion NO_OP con un retardo de 100 milisegundos 

[INFO] 10:00:55:945 LOG-GLOBAL-CPU/(5256:5257): Se ejecuta la operacion NO_OP con un retardo de 100 milisegundos 

[INFO] 10:00:55:945 LOG-GLOBAL-CPU/(5256:5257): Se ejecuta una operacion de i/o, el PCB se devolvera a Kernel 

[INFO] 10:00:56:047 LOG-GLOBAL-CPU/(5256:5257): Se ejecuta la operacion NO_OP con un retardo de 100 milisegundos 

[INFO] 10:00:56:049 LOG-GLOBAL-CPU/(5256:5257): Se ejecuta una operacion de escritura. Se realizara la traduccion de DL a un 

[INFO] 10:00:56:153 LOG-GLOBAL-CPU/(5256:5257): Se ejecuta la operacion NO_OP con un retardo de 100 milisegundos 

[INFO] 10:00:56:254 LOG-GLOBAL-CPU/(5256:5257): Se ejecuta la operacion NO_OP con un retardo de 100 milisegundos 

[INFO] 10:00:56:254 LOG-GLOBAL-CPU/(5256:5257): Se ejecuta una operacion de escritura. Se realizara la traduccion de DL a un 

[INFO] 10:00:56:355 LOG-GLOBAL-CPU/(5256:5257): Se ejecuta la operacion NO_OP con un retardo de 100 milisegundos 

[INFO] 10:00:56:456 LOG-GLOBAL-CPU/(5256:5257): Se ejecuta la operacion NO_OP con un retardo de 100 milisegundos 

[INFO] 10:00:56:456 LOG-GLOBAL-CPU/(5256:5257): Se ejecuta una operacion de escritura. Se realizara la traduccion de DL a un 

[INFO] 10:00:56:558 LOG-GLOBAL-CPU/(5256:5257): Se ejecuta la operacion NO_OP con un retardo de 100 milisegundos 

[INFO] 10:00:56:658 LOG-GLOBAL-CPU/(5256:5257): Se ejecuta la operacion NO_OP con un retardo de 100 milisegundos 

[INFO] 10:00:56:658 LOG-GLOBAL-CPU/(5256:5257): Se ejecuta una operacion de escritura. Se realizara la traduccion de DL a un 

[INFO] 10:00:57:762 LOG-GLOBAL-CPU/(5256:5257): Se ejecuta la operacion NO_OP con un retardo de 100 milisegundos 

[INFO] 10:00:57:863 LOG-GLOBAL-CPU/(5256:5257): Se ejecuta la operacion NO_OP con un retardo de 100 milisegundos 

[INFO] 10:00:57:863 LOG-GLOBAL-CPU/(5256:5257): Se ejecuta una operacion de escritura. Se realizara la traduccion de DL a un 

[INFO] 10:00:57:964 LOG-GLOBAL-CPU/(5256:5257): Se ejecuta la operacion NO_OP con un retardo de 100 milisegundos 

[INFO] 10:00:58:070 LOG-GLOBAL-CPU/(5256:5257): Se ejecuta la operacion NO_OP con un retardo de 100 milisegundos 

[INFO] 10:00:58:070 LOG-GLOBAL-CPU/(5256:5257): Se ejecuta una operacion de escritura. Se realizara la traduccion de DL a un 

[INFO] 10:00:58:171 LOG-GLOBAL-CPU/(5256:5257): Se ejecuta la operacion NO_OP con un retardo de 100 milisegundos 

[INFO] 10:00:58:271 LOG-GLOBAL-CPU/(5256:5257): Se ejecuta la operacion NO_OP con un retardo de 100 milisegundos 

[INFO] 10:00:58:272 LOG-GLOBAL-CPU/(5256:5257): Se ejecuta una operacion de escritura. Se realizara la traduccion de DL a un 

[INFO] 10:00:58:374 LOG-GLOBAL-CPU/(5256:5257): Se ejecuta la operacion NO_OP con un retardo de 100 milisegundos 

[INFO] 10:00:58:474 LOG-GLOBAL-CPU/(5256:5257): Se ejecuta la operacion NO_OP con un retardo de 100 milisegundos 

[INFO] 10:00:58:474 LOG-GLOBAL-CPU/(5256:5257): Se ejecuta una operacion de escritura. Se realizara la traduccion de DL a un 

[INFO] 10:00:58:576 LOG-GLOBAL-CPU/(5256:5257): Se ejecuta la operacion NO_OP con un retardo de 100 milisegundos 

[INFO] 10:00:58:676 LOG-GLOBAL-CPU/(5256:5257): Se ejecuta la operacion NO_OP con un retardo de 100 milisegundos 

[INFO] 10:00:58:777 LOG-GLOBAL-CPU/(5256:5257): Se ejecuta la operacion NO_OP con un retardo de 100 milisegundos 

[INFO] 10:00:58:878 LOG-GLOBAL-CPU/(5256:5257): Se ejecuta la operacion NO_OP con un retardo de 100 milisegundos 

[INFO] 10:00:58:979 LOG-GLOBAL-CPU/(5256:5257): Se ejecuta la operacion NO_OP con un retardo de 100 milisegundos 

[INFO] 10:00:59:080 LOG-GLOBAL-CPU/(5256:5257): Se ejecuta la operacion NO_OP con un retardo de 100 milisegundos 

[INFO] 10:00:59:180 LOG-GLOBAL-CPU/(5256:5257): Se ejecuta la operacion NO_OP con un retardo de 100 milisegundos 

[INFO] 10:00:59:280 LOG-GLOBAL-CPU/(5256:5257): Se ejecuta la operacion NO_OP con un retardo de 100 milisegundos 

[INFO] 10:00:59:380 LOG-GLOBAL-CPU/(5256:5257): Se ejecuta la operacion NO_OP con un retardo de 100 milisegundos 

[INFO] 10:00:59:481 LOG-GLOBAL-CPU/(5256:5257): Se ejecuta la operacion NO_OP con un retardo de 100 milisegundos 

[INFO] 10:00:59:481 LOG-GLOBAL-CPU/(5256:5257): Se ejecuta una operacion de i/o, el PCB se devolvera a Kernel 

[INFO] 10:00:59:484 LOG-GLOBAL-CPU/(5256:5257): Se ejecuta una operacion de escritura. Se realizara la traduccion de DL a un 

[INFO] 10:01:03:591 LOG-GLOBAL-CPU/(5256:5257): Se ejecuta la operacion NO_OP con un retardo de 100 milisegundos 

[INFO] 10:01:03:691 LOG-GLOBAL-CPU/(5256:5257): Se ejecuta la operacion NO_OP con un retardo de 100 milisegundos 

[INFO] 10:01:03:792 LOG-GLOBAL-CPU/(5256:5257): Se ejecuta la operacion NO_OP con un retardo de 100 milisegundos 

[INFO] 10:01:03:893 LOG-GLOBAL-CPU/(5256:5257): Se ejecuta la operacion NO_OP con un retardo de 100 milisegundos 

[INFO] 10:01:03:993 LOG-GLOBAL-CPU/(5256:5257): Se ejecuta la operacion NO_OP con un retardo de 100 milisegundos 

[INFO] 10:01:04:093 LOG-GLOBAL-CPU/(5256:5257): Se ejecuta la operacion NO_OP con un retardo de 100 milisegundos 

[INFO] 10:01:04:194 LOG-GLOBAL-CPU/(5256:5257): Se ejecuta la operacion NO_OP con un retardo de 100 milisegundos 

[INFO] 10:01:04:296 LOG-GLOBAL-CPU/(5256:5257): Se ejecuta la operacion NO_OP con un retardo de 100 milisegundos 

[INFO] 10:01:04:396 LOG-GLOBAL-CPU/(5256:5257): Se ejecuta la operacion NO_OP con un retardo de 100 milisegundos 

[INFO] 10:01:04:497 LOG-GLOBAL-CPU/(5256:5257): Se ejecuta la operacion NO_OP con un retardo de 100 milisegundos 

[INFO] 10:01:04:497 LOG-GLOBAL-CPU/(5256:5257): Se ejecuta una operacion de i/o, el PCB se devolvera a Kernel 

[INFO] 10:01:04:599 LOG-GLOBAL-CPU/(5256:5257): Se ejecuta la operacion NO_OP con un retardo de 100 milisegundos 

[INFO] 10:01:04:701 LOG-GLOBAL-CPU/(5256:5257): Se ejecuta la operacion NO_OP con un retardo de 100 milisegundos 

[INFO] 10:01:04:802 LOG-GLOBAL-CPU/(5256:5257): Se ejecuta la operacion NO_OP con un retardo de 100 milisegundos 

[INFO] 10:01:04:902 LOG-GLOBAL-CPU/(5256:5257): Se ejecuta la operacion NO_OP con un retardo de 100 milisegundos 

[INFO] 10:01:05:003 LOG-GLOBAL-CPU/(5256:5257): Se ejecuta la operacion NO_OP con un retardo de 100 milisegundos 

[INFO] 10:01:05:104 LOG-GLOBAL-CPU/(5256:5257): Se ejecuta la operacion NO_OP con un retardo de 100 milisegundos 

[INFO] 10:01:05:204 LOG-GLOBAL-CPU/(5256:5257): Se ejecuta la operacion NO_OP con un retardo de 100 milisegundos 

[INFO] 10:01:05:305 LOG-GLOBAL-CPU/(5256:5257): Se ejecuta la operacion NO_OP con un retardo de 100 milisegundos 

[INFO] 10:01:05:406 LOG-GLOBAL-CPU/(5256:5257): Se ejecuta la operacion NO_OP con un retardo de 100 milisegundos 

[INFO] 10:01:05:507 LOG-GLOBAL-CPU/(5256:5257): Se ejecuta la operacion NO_OP con un retardo de 100 milisegundos 

[INFO] 10:01:05:507 LOG-GLOBAL-CPU/(5256:5257): Se ejecuta una operacion de lectura. Se realizara la traduccion de DL a DF 

[INFO] 10:01:06:612 LOG-GLOBAL-CPU/(5256:5257): Se ejecuta la operacion NO_OP con un retardo de 100 milisegundos 

[INFO] 10:01:06:712 LOG-GLOBAL-CPU/(5256:5257): Se ejecuta la operacion NO_OP con un retardo de 100 milisegundos 

[INFO] 10:01:06:712 LOG-GLOBAL-CPU/(5256:5257): Se ejecuta una operacion de lectura. Se realizara la traduccion de DL a DF 

[INFO] 10:01:06:814 LOG-GLOBAL-CPU/(5256:5257): Se ejecuta la operacion NO_OP con un retardo de 100 milisegundos 

[INFO] 10:01:06:914 LOG-GLOBAL-CPU/(5256:5257): Se ejecuta la operacion NO_OP con un retardo de 100 milisegundos 

[INFO] 10:01:06:915 LOG-GLOBAL-CPU/(5256:5257): Se ejecuta una operacion de lectura. Se realizara la traduccion de DL a DF 

[INFO] 10:01:07:016 LOG-GLOBAL-CPU/(5256:5257): Se ejecuta la operacion NO_OP con un retardo de 100 milisegundos 

[INFO] 10:01:07:116 LOG-GLOBAL-CPU/(5256:5257): Se ejecuta la operacion NO_OP con un retardo de 100 milisegundos 

[INFO] 10:01:07:116 LOG-GLOBAL-CPU/(5256:5257): Se ejecuta una operacion de lectura. Se realizara la traduccion de DL a DF 

[INFO] 10:01:07:218 LOG-GLOBAL-CPU/(5256:5257): Se ejecuta la operacion NO_OP con un retardo de 100 milisegundos 

[INFO] 10:01:07:318 LOG-GLOBAL-CPU/(5256:5257): Se ejecuta la operacion NO_OP con un retardo de 100 milisegundos 

[INFO] 10:01:07:318 LOG-GLOBAL-CPU/(5256:5257): Se ejecuta una operacion de lectura. Se realizara la traduccion de DL a DF 

[INFO] 10:01:07:419 LOG-GLOBAL-CPU/(5256:5257): Se ejecuta la operacion NO_OP con un retardo de 100 milisegundos 

[INFO] 10:01:07:520 LOG-GLOBAL-CPU/(5256:5257): Se ejecuta la operacion NO_OP con un retardo de 100 milisegundos 

[INFO] 10:01:07:520 LOG-GLOBAL-CPU/(5256:5257): Se ejecuta una operacion de lectura. Se realizara la traduccion de DL a DF 

[INFO] 10:01:08:624 LOG-GLOBAL-CPU/(5256:5257): Se ejecuta la operacion NO_OP con un retardo de 100 milisegundos 

[INFO] 10:01:08:724 LOG-GLOBAL-CPU/(5256:5257): Se ejecuta la operacion NO_OP con un retardo de 100 milisegundos 

[INFO] 10:01:08:724 LOG-GLOBAL-CPU/(5256:5257): Se ejecuta una operacion de lectura. Se realizara la traduccion de DL a DF 

[INFO] 10:01:08:826 LOG-GLOBAL-CPU/(5256:5257): Se ejecuta la operacion NO_OP con un retardo de 100 milisegundos 

[INFO] 10:01:08:926 LOG-GLOBAL-CPU/(5256:5257): Se ejecuta la operacion NO_OP con un retardo de 100 milisegundos 

[INFO] 10:01:08:927 LOG-GLOBAL-CPU/(5256:5257): Se ejecuta una operacion de lectura. Se realizara la traduccion de DL a DF 

[INFO] 10:01:09:028 LOG-GLOBAL-CPU/(5256:5257): Se ejecuta la operacion NO_OP con un retardo de 100 milisegundos 

[INFO] 10:01:09:129 LOG-GLOBAL-CPU/(5256:5257): Se ejecuta la operacion NO_OP con un retardo de 100 milisegundos 

[INFO] 10:01:09:129 LOG-GLOBAL-CPU/(5256:5257): Se ejecuta una operacion de lectura. Se realizara la traduccion de DL a DF 

[INFO] 10:01:09:230 LOG-GLOBAL-CPU/(5256:5257): Se ejecuta la operacion NO_OP con un retardo de 100 milisegundos 

[INFO] 10:01:09:331 LOG-GLOBAL-CPU/(5256:5257): Se ejecuta la operacion NO_OP con un retardo de 100 milisegundos 

[INFO] 10:01:09:331 LOG-GLOBAL-CPU/(5256:5257): Se ejecuta una operacion de lectura. Se realizara la traduccion de DL a DF 

[INFO] 10:01:09:433 LOG-GLOBAL-CPU/(5256:5257): Se ejecuta la operacion NO_OP con un retardo de 100 milisegundos 

[INFO] 10:01:09:533 LOG-GLOBAL-CPU/(5256:5257): Se ejecuta la operacion NO_OP con un retardo de 100 milisegundos 

[INFO] 10:01:09:533 LOG-GLOBAL-CPU/(5256:5257): Se ejecuta una operacion de lectura. Se realizara la traduccion de DL a DF 

[INFO] 10:01:10:638 LOG-GLOBAL-CPU/(5256:5257): Se ejecuta la operacion NO_OP con un retardo de 100 milisegundos 

[INFO] 10:01:10:739 LOG-GLOBAL-CPU/(5256:5257): Se ejecuta la operacion NO_OP con un retardo de 100 milisegundos 

[INFO] 10:01:10:739 LOG-GLOBAL-CPU/(5256:5257): Se ejecuta una operacion de lectura. Se realizara la traduccion de DL a DF 

[INFO] 10:01:10:840 LOG-GLOBAL-CPU/(5256:5257): Se ejecuta la operacion NO_OP con un retardo de 100 milisegundos 

[INFO] 10:01:10:941 LOG-GLOBAL-CPU/(5256:5257): Se ejecuta la operacion NO_OP con un retardo de 100 milisegundos 

[INFO] 10:01:10:941 LOG-GLOBAL-CPU/(5256:5257): Se ejecuta una operacion de lectura. Se realizara la traduccion de DL a DF 

[INFO] 10:01:11:042 LOG-GLOBAL-CPU/(5256:5257): Se ejecuta la operacion NO_OP con un retardo de 100 milisegundos 

[INFO] 10:01:11:143 LOG-GLOBAL-CPU/(5256:5257): Se ejecuta la operacion NO_OP con un retardo de 100 milisegundos 

[INFO] 10:01:11:143 LOG-GLOBAL-CPU/(5256:5257): Se ejecuta una operacion de lectura. Se realizara la traduccion de DL a DF 

[INFO] 10:01:11:244 LOG-GLOBAL-CPU/(5256:5257): Se ejecuta la operacion NO_OP con un retardo de 100 milisegundos 

[INFO] 10:01:11:345 LOG-GLOBAL-CPU/(5256:5257): Se ejecuta la operacion NO_OP con un retardo de 100 milisegundos 

[INFO] 10:01:11:345 LOG-GLOBAL-CPU/(5256:5257): Se ejecuta una operacion de lectura. Se realizara la traduccion de DL a DF 

[INFO] 10:01:11:446 LOG-GLOBAL-CPU/(5256:5257): Se ejecuta la operacion NO_OP con un retardo de 100 milisegundos 

[INFO] 10:01:11:547 LOG-GLOBAL-CPU/(5256:5257): Se ejecuta la operacion NO_OP con un retardo de 100 milisegundos 

[INFO] 10:01:11:647 LOG-GLOBAL-CPU/(5256:5257): Se ejecuta la operacion NO_OP con un retardo de 100 milisegundos 

[INFO] 10:01:11:747 LOG-GLOBAL-CPU/(5256:5257): Se ejecuta la operacion NO_OP con un retardo de 100 milisegundos 

[INFO] 10:01:11:848 LOG-GLOBAL-CPU/(5256:5257): Se ejecuta la operacion NO_OP con un retardo de 100 milisegundos 

[INFO] 10:01:11:949 LOG-GLOBAL-CPU/(5256:5257): Se ejecuta la operacion NO_OP con un retardo de 100 milisegundos 

[INFO] 10:01:12:049 LOG-GLOBAL-CPU/(5256:5257): Se ejecuta la operacion NO_OP con un retardo de 100 milisegundos 

[INFO] 10:01:12:150 LOG-GLOBAL-CPU/(5256:5257): Se ejecuta la operacion NO_OP con un retardo de 100 milisegundos 

[INFO] 10:01:12:250 LOG-GLOBAL-CPU/(5256:5257): Se ejecuta la operacion NO_OP con un retardo de 100 milisegundos 

[INFO] 10:01:12:350 LOG-GLOBAL-CPU/(5256:5257): Se ejecuta la operacion NO_OP con un retardo de 100 milisegundos 

[INFO] 10:01:12:350 LOG-GLOBAL-CPU/(5256:5257): Se ejecuta la instruccion EXIT. El proceso sera devuelto a kernel 

[DEBUG] 10:01:12:350 LOG-GLOBAL-CPU/(5256:5257): El proceso fue devuelto a kernel porque finalizo 

[INFO] 10:01:13:357 LOG-GLOBAL-CPU/(5256:5257): Se ejecuta una operacion de escritura. Se realizara la traduccion de DL a un 

[INFO] 10:01:13:460 LOG-GLOBAL-CPU/(5256:5257): Se ejecuta la operacion NO_OP con un retardo de 100 milisegundos 

[INFO] 10:01:13:560 LOG-GLOBAL-CPU/(5256:5257): Se ejecuta la operacion NO_OP con un retardo de 100 milisegundos 

[INFO] 10:01:13:661 LOG-GLOBAL-CPU/(5256:5257): Se ejecuta la operacion NO_OP con un retardo de 100 milisegundos 

[INFO] 10:01:13:762 LOG-GLOBAL-CPU/(5256:5257): Se ejecuta la operacion NO_OP con un retardo de 100 milisegundos 

[INFO] 10:01:13:862 LOG-GLOBAL-CPU/(5256:5257): Se ejecuta la operacion NO_OP con un retardo de 100 milisegundos 

[INFO] 10:01:13:962 LOG-GLOBAL-CPU/(5256:5257): Se ejecuta la operacion NO_OP con un retardo de 100 milisegundos 

[INFO] 10:01:14:063 LOG-GLOBAL-CPU/(5256:5257): Se ejecuta la operacion NO_OP con un retardo de 100 milisegundos 

[INFO] 10:01:14:164 LOG-GLOBAL-CPU/(5256:5257): Se ejecuta la operacion NO_OP con un retardo de 100 milisegundos 

[INFO] 10:01:14:264 LOG-GLOBAL-CPU/(5256:5257): Se ejecuta la operacion NO_OP con un retardo de 100 milisegundos 

[INFO] 10:01:14:364 LOG-GLOBAL-CPU/(5256:5257): Se ejecuta la operacion NO_OP con un retardo de 100 milisegundos 

[INFO] 10:01:14:364 LOG-GLOBAL-CPU/(5256:5257): Se ejecuta una operacion de i/o, el PCB se devolvera a Kernel 

[INFO] 10:01:14:368 LOG-GLOBAL-CPU/(5256:5257): Se ejecuta una operacion de escritura. Se realizara la traduccion de DL a un 

[INFO] 10:01:14:372 LOG-GLOBAL-CPU/(5256:5257): Se ejecuta una operacion de escritura. Se realizara la traduccion de DL a un 

[INFO] 10:01:15:378 LOG-GLOBAL-CPU/(5256:5257): Se ejecuta una operacion de escritura. Se realizara la traduccion de DL a un 

[INFO] 10:01:16:494 LOG-GLOBAL-CPU/(5256:5257): Se ejecuta la operacion NO_OP con un retardo de 100 milisegundos 

[INFO] 10:01:16:595 LOG-GLOBAL-CPU/(5256:5257): Se ejecuta la operacion NO_OP con un retardo de 100 milisegundos 

[INFO] 10:01:16:696 LOG-GLOBAL-CPU/(5256:5257): Se ejecuta la operacion NO_OP con un retardo de 100 milisegundos 

[INFO] 10:01:16:796 LOG-GLOBAL-CPU/(5256:5257): Se ejecuta la operacion NO_OP con un retardo de 100 milisegundos 

[INFO] 10:01:16:897 LOG-GLOBAL-CPU/(5256:5257): Se ejecuta la operacion NO_OP con un retardo de 100 milisegundos 

[INFO] 10:01:16:998 LOG-GLOBAL-CPU/(5256:5257): Se ejecuta la operacion NO_OP con un retardo de 100 milisegundos 

[INFO] 10:01:17:098 LOG-GLOBAL-CPU/(5256:5257): Se ejecuta la operacion NO_OP con un retardo de 100 milisegundos 

[INFO] 10:01:17:199 LOG-GLOBAL-CPU/(5256:5257): Se ejecuta la operacion NO_OP con un retardo de 100 milisegundos 

[INFO] 10:01:17:299 LOG-GLOBAL-CPU/(5256:5257): Se ejecuta la operacion NO_OP con un retardo de 100 milisegundos 

[INFO] 10:01:17:399 LOG-GLOBAL-CPU/(5256:5257): Se ejecuta la operacion NO_OP con un retardo de 100 milisegundos 

[INFO] 10:01:17:399 LOG-GLOBAL-CPU/(5256:5257): Se ejecuta una operacion de i/o, el PCB se devolvera a Kernel 

[INFO] 10:01:17:402 LOG-GLOBAL-CPU/(5256:5257): Se ejecuta una operacion de escritura. Se realizara la traduccion de DL a un 

[INFO] 10:01:17:406 LOG-GLOBAL-CPU/(5256:5257): Se ejecuta una operacion de escritura. Se realizara la traduccion de DL a un 

[INFO] 10:01:19:413 LOG-GLOBAL-CPU/(5256:5257): Se ejecuta una operacion de escritura. Se realizara la traduccion de DL a un 

[INFO] 10:01:19:517 LOG-GLOBAL-CPU/(5256:5257): Se ejecuta la operacion NO_OP con un retardo de 100 milisegundos 

[INFO] 10:01:19:618 LOG-GLOBAL-CPU/(5256:5257): Se ejecuta la operacion NO_OP con un retardo de 100 milisegundos 

[INFO] 10:01:19:718 LOG-GLOBAL-CPU/(5256:5257): Se ejecuta la operacion NO_OP con un retardo de 100 milisegundos 

[INFO] 10:01:19:819 LOG-GLOBAL-CPU/(5256:5257): Se ejecuta la operacion NO_OP con un retardo de 100 milisegundos 

[INFO] 10:01:19:919 LOG-GLOBAL-CPU/(5256:5257): Se ejecuta la operacion NO_OP con un retardo de 100 milisegundos 

[INFO] 10:01:20:020 LOG-GLOBAL-CPU/(5256:5257): Se ejecuta la operacion NO_OP con un retardo de 100 milisegundos 

[INFO] 10:01:20:120 LOG-GLOBAL-CPU/(5256:5257): Se ejecuta la operacion NO_OP con un retardo de 100 milisegundos 

[INFO] 10:01:20:220 LOG-GLOBAL-CPU/(5256:5257): Se ejecuta la operacion NO_OP con un retardo de 100 milisegundos 

[INFO] 10:01:20:321 LOG-GLOBAL-CPU/(5256:5257): Se ejecuta la operacion NO_OP con un retardo de 100 milisegundos 

[INFO] 10:01:20:421 LOG-GLOBAL-CPU/(5256:5257): Se ejecuta la operacion NO_OP con un retardo de 100 milisegundos 

[INFO] 10:01:20:421 LOG-GLOBAL-CPU/(5256:5257): Se ejecuta una operacion de i/o, el PCB se devolvera a Kernel 

[INFO] 10:01:20:424 LOG-GLOBAL-CPU/(5256:5257): Se ejecuta una operacion de escritura. Se realizara la traduccion de DL a un 

[INFO] 10:01:20:427 LOG-GLOBAL-CPU/(5256:5257): Se ejecuta una operacion de escritura. Se realizara la traduccion de DL a un 

[INFO] 10:01:22:435 LOG-GLOBAL-CPU/(5256:5257): Se ejecuta una operacion de lectura. Se realizara la traduccion de DL a DF 

[INFO] 10:01:22:538 LOG-GLOBAL-CPU/(5256:5257): Se ejecuta la operacion NO_OP con un retardo de 100 milisegundos 

[INFO] 10:01:22:638 LOG-GLOBAL-CPU/(5256:5257): Se ejecuta la operacion NO_OP con un retardo de 100 milisegundos 

[INFO] 10:01:22:738 LOG-GLOBAL-CPU/(5256:5257): Se ejecuta la operacion NO_OP con un retardo de 100 milisegundos 

[INFO] 10:01:22:839 LOG-GLOBAL-CPU/(5256:5257): Se ejecuta la operacion NO_OP con un retardo de 100 milisegundos 

[INFO] 10:01:22:940 LOG-GLOBAL-CPU/(5256:5257): Se ejecuta la operacion NO_OP con un retardo de 100 milisegundos 

[INFO] 10:01:23:040 LOG-GLOBAL-CPU/(5256:5257): Se ejecuta la operacion NO_OP con un retardo de 100 milisegundos 

[INFO] 10:01:23:140 LOG-GLOBAL-CPU/(5256:5257): Se ejecuta la operacion NO_OP con un retardo de 100 milisegundos 

[INFO] 10:01:23:241 LOG-GLOBAL-CPU/(5256:5257): Se ejecuta la operacion NO_OP con un retardo de 100 milisegundos 

[INFO] 10:01:23:341 LOG-GLOBAL-CPU/(5256:5257): Se ejecuta la operacion NO_OP con un retardo de 100 milisegundos 

[INFO] 10:01:23:441 LOG-GLOBAL-CPU/(5256:5257): Se ejecuta la operacion NO_OP con un retardo de 100 milisegundos 

[INFO] 10:01:23:441 LOG-GLOBAL-CPU/(5256:5257): Se ejecuta una operacion de i/o, el PCB se devolvera a Kernel 

[INFO] 10:01:23:444 LOG-GLOBAL-CPU/(5256:5257): Se ejecuta una operacion de escritura. Se realizara la traduccion de DL a un 

[INFO] 10:01:23:548 LOG-GLOBAL-CPU/(5256:5257): Se ejecuta la operacion NO_OP con un retardo de 100 milisegundos 

[INFO] 10:01:23:551 LOG-GLOBAL-CPU/(5256:5257): Se ejecuta una operacion de lectura. Se realizara la traduccion de DL a DF 

[INFO] 10:01:23:654 LOG-GLOBAL-CPU/(5256:5257): Se ejecuta la operacion NO_OP con un retardo de 100 milisegundos 

[INFO] 10:01:23:754 LOG-GLOBAL-CPU/(5256:5257): Se ejecuta la operacion NO_OP con un retardo de 100 milisegundos 

[INFO] 10:01:23:855 LOG-GLOBAL-CPU/(5256:5257): Se ejecuta la operacion NO_OP con un retardo de 100 milisegundos 

[INFO] 10:01:23:956 LOG-GLOBAL-CPU/(5256:5257): Se ejecuta la operacion NO_OP con un retardo de 100 milisegundos 

[INFO] 10:01:24:056 LOG-GLOBAL-CPU/(5256:5257): Se ejecuta la operacion NO_OP con un retardo de 100 milisegundos 

[INFO] 10:01:24:157 LOG-GLOBAL-CPU/(5256:5257): Se ejecuta la operacion NO_OP con un retardo de 100 milisegundos 

[INFO] 10:01:24:257 LOG-GLOBAL-CPU/(5256:5257): Se ejecuta la operacion NO_OP con un retardo de 100 milisegundos 

[INFO] 10:01:24:358 LOG-GLOBAL-CPU/(5256:5257): Se ejecuta la operacion NO_OP con un retardo de 100 milisegundos 

[INFO] 10:01:24:459 LOG-GLOBAL-CPU/(5256:5257): Se ejecuta la operacion NO_OP con un retardo de 100 milisegundos 

[INFO] 10:01:24:559 LOG-GLOBAL-CPU/(5256:5257): Se ejecuta la operacion NO_OP con un retardo de 100 milisegundos 

[INFO] 10:01:24:559 LOG-GLOBAL-CPU/(5256:5257): Se ejecuta una operacion de i/o, el PCB se devolvera a Kernel 

[INFO] 10:01:24:663 LOG-GLOBAL-CPU/(5256:5257): Se ejecuta la operacion NO_OP con un retardo de 100 milisegundos 

[INFO] 10:01:24:665 LOG-GLOBAL-CPU/(5256:5257): Se ejecuta una operacion de lectura. Se realizara la traduccion de DL a DF 

[INFO] 10:01:24:769 LOG-GLOBAL-CPU/(5256:5257): Se ejecuta la operacion NO_OP con un retardo de 100 milisegundos 

[INFO] 10:01:24:869 LOG-GLOBAL-CPU/(5256:5257): Se ejecuta la operacion NO_OP con un retardo de 100 milisegundos 

[INFO] 10:01:24:969 LOG-GLOBAL-CPU/(5256:5257): Se ejecuta la operacion NO_OP con un retardo de 100 milisegundos 

[INFO] 10:01:25:070 LOG-GLOBAL-CPU/(5256:5257): Se ejecuta la operacion NO_OP con un retardo de 100 milisegundos 

[INFO] 10:01:25:170 LOG-GLOBAL-CPU/(5256:5257): Se ejecuta la operacion NO_OP con un retardo de 100 milisegundos 

[INFO] 10:01:25:271 LOG-GLOBAL-CPU/(5256:5257): Se ejecuta la operacion NO_OP con un retardo de 100 milisegundos 

[INFO] 10:01:25:371 LOG-GLOBAL-CPU/(5256:5257): Se ejecuta la operacion NO_OP con un retardo de 100 milisegundos 

[INFO] 10:01:25:472 LOG-GLOBAL-CPU/(5256:5257): Se ejecuta la operacion NO_OP con un retardo de 100 milisegundos 

[INFO] 10:01:25:572 LOG-GLOBAL-CPU/(5256:5257): Se ejecuta la operacion NO_OP con un retardo de 100 milisegundos 

[INFO] 10:01:25:673 LOG-GLOBAL-CPU/(5256:5257): Se ejecuta la operacion NO_OP con un retardo de 100 milisegundos 

[INFO] 10:01:25:673 LOG-GLOBAL-CPU/(5256:5257): Se ejecuta una operacion de i/o, el PCB se devolvera a Kernel 

[INFO] 10:01:25:776 LOG-GLOBAL-CPU/(5256:5257): Se ejecuta la operacion NO_OP con un retardo de 100 milisegundos 

[INFO] 10:01:25:779 LOG-GLOBAL-CPU/(5256:5257): Se ejecuta una operacion de lectura. Se realizara la traduccion de DL a DF 

[INFO] 10:01:25:882 LOG-GLOBAL-CPU/(5256:5257): Se ejecuta la operacion NO_OP con un retardo de 100 milisegundos 

[INFO] 10:01:25:983 LOG-GLOBAL-CPU/(5256:5257): Se ejecuta la operacion NO_OP con un retardo de 100 milisegundos 

[INFO] 10:01:26:083 LOG-GLOBAL-CPU/(5256:5257): Se ejecuta la operacion NO_OP con un retardo de 100 milisegundos 

[INFO] 10:01:26:184 LOG-GLOBAL-CPU/(5256:5257): Se ejecuta la operacion NO_OP con un retardo de 100 milisegundos 

[INFO] 10:01:26:284 LOG-GLOBAL-CPU/(5256:5257): Se ejecuta la operacion NO_OP con un retardo de 100 milisegundos 

[INFO] 10:01:26:385 LOG-GLOBAL-CPU/(5256:5257): Se ejecuta la operacion NO_OP con un retardo de 100 milisegundos 

[INFO] 10:01:26:486 LOG-GLOBAL-CPU/(5256:5257): Se ejecuta la operacion NO_OP con un retardo de 100 milisegundos 

[INFO] 10:01:26:587 LOG-GLOBAL-CPU/(5256:5257): Se ejecuta la operacion NO_OP con un retardo de 100 milisegundos 

[INFO] 10:01:26:688 LOG-GLOBAL-CPU/(5256:5257): Se ejecuta la operacion NO_OP con un retardo de 100 milisegundos 

[INFO] 10:01:26:789 LOG-GLOBAL-CPU/(5256:5257): Se ejecuta la operacion NO_OP con un retardo de 100 milisegundos 

[INFO] 10:01:26:789 LOG-GLOBAL-CPU/(5256:5257): Se ejecuta una operacion de i/o, el PCB se devolvera a Kernel 

[INFO] 10:01:26:892 LOG-GLOBAL-CPU/(5256:5257): Se ejecuta la operacion NO_OP con un retardo de 100 milisegundos 

[INFO] 10:01:26:895 LOG-GLOBAL-CPU/(5256:5257): Se ejecuta una operacion de escritura. Se realizara la traduccion de DL a un 

[INFO] 10:01:27:998 LOG-GLOBAL-CPU/(5256:5257): Se ejecuta la operacion NO_OP con un retardo de 100 milisegundos 

[INFO] 10:01:28:099 LOG-GLOBAL-CPU/(5256:5257): Se ejecuta la operacion NO_OP con un retardo de 100 milisegundos 

[INFO] 10:01:28:200 LOG-GLOBAL-CPU/(5256:5257): Se ejecuta la operacion NO_OP con un retardo de 100 milisegundos 

[INFO] 10:01:28:301 LOG-GLOBAL-CPU/(5256:5257): Se ejecuta la operacion NO_OP con un retardo de 100 milisegundos 

[INFO] 10:01:28:401 LOG-GLOBAL-CPU/(5256:5257): Se ejecuta la operacion NO_OP con un retardo de 100 milisegundos 

[INFO] 10:01:28:502 LOG-GLOBAL-CPU/(5256:5257): Se ejecuta la operacion NO_OP con un retardo de 100 milisegundos 

[INFO] 10:01:28:602 LOG-GLOBAL-CPU/(5256:5257): Se ejecuta la operacion NO_OP con un retardo de 100 milisegundos 

[INFO] 10:01:28:703 LOG-GLOBAL-CPU/(5256:5257): Se ejecuta la operacion NO_OP con un retardo de 100 milisegundos 

[INFO] 10:01:28:803 LOG-GLOBAL-CPU/(5256:5257): Se ejecuta la operacion NO_OP con un retardo de 100 milisegundos 

[INFO] 10:01:28:904 LOG-GLOBAL-CPU/(5256:5257): Se ejecuta la operacion NO_OP con un retardo de 100 milisegundos 

[INFO] 10:01:28:904 LOG-GLOBAL-CPU/(5256:5257): Se ejecuta una operacion de i/o, el PCB se devolvera a Kernel 

[INFO] 10:01:29:007 LOG-GLOBAL-CPU/(5256:5257): Se ejecuta la operacion NO_OP con un retardo de 100 milisegundos 

[INFO] 10:01:29:012 LOG-GLOBAL-CPU/(5256:5257): Se ejecuta una operacion de escritura. Se realizara la traduccion de DL a un 

[INFO] 10:01:29:127 LOG-GLOBAL-CPU/(5256:5257): Se ejecuta la operacion NO_OP con un retardo de 100 milisegundos 

[INFO] 10:01:29:227 LOG-GLOBAL-CPU/(5256:5257): Se ejecuta la operacion NO_OP con un retardo de 100 milisegundos 

[INFO] 10:01:29:327 LOG-GLOBAL-CPU/(5256:5257): Se ejecuta la operacion NO_OP con un retardo de 100 milisegundos 

[INFO] 10:01:29:428 LOG-GLOBAL-CPU/(5256:5257): Se ejecuta la operacion NO_OP con un retardo de 100 milisegundos 

[INFO] 10:01:29:528 LOG-GLOBAL-CPU/(5256:5257): Se ejecuta la operacion NO_OP con un retardo de 100 milisegundos 

[INFO] 10:01:29:628 LOG-GLOBAL-CPU/(5256:5257): Se ejecuta la operacion NO_OP con un retardo de 100 milisegundos 

[INFO] 10:01:29:729 LOG-GLOBAL-CPU/(5256:5257): Se ejecuta la operacion NO_OP con un retardo de 100 milisegundos 

[INFO] 10:01:29:829 LOG-GLOBAL-CPU/(5256:5257): Se ejecuta la operacion NO_OP con un retardo de 100 milisegundos 

[INFO] 10:01:29:930 LOG-GLOBAL-CPU/(5256:5257): Se ejecuta la operacion NO_OP con un retardo de 100 milisegundos 

[INFO] 10:01:30:030 LOG-GLOBAL-CPU/(5256:5257): Se ejecuta la operacion NO_OP con un retardo de 100 milisegundos 

[INFO] 10:01:30:030 LOG-GLOBAL-CPU/(5256:5257): Se ejecuta una operacion de i/o, el PCB se devolvera a Kernel 

[INFO] 10:01:30:134 LOG-GLOBAL-CPU/(5256:5257): Se ejecuta la operacion NO_OP con un retardo de 100 milisegundos 

[INFO] 10:01:30:138 LOG-GLOBAL-CPU/(5256:5257): Se ejecuta una operacion de escritura. Se realizara la traduccion de DL a un 

[INFO] 10:01:31:246 LOG-GLOBAL-CPU/(5256:5257): Se ejecuta la operacion NO_OP con un retardo de 100 milisegundos 

[INFO] 10:01:31:346 LOG-GLOBAL-CPU/(5256:5257): Se ejecuta la operacion NO_OP con un retardo de 100 milisegundos 

[INFO] 10:01:31:446 LOG-GLOBAL-CPU/(5256:5257): Se ejecuta la operacion NO_OP con un retardo de 100 milisegundos 

[INFO] 10:01:31:546 LOG-GLOBAL-CPU/(5256:5257): Se ejecuta la operacion NO_OP con un retardo de 100 milisegundos 

[INFO] 10:01:31:647 LOG-GLOBAL-CPU/(5256:5257): Se ejecuta la operacion NO_OP con un retardo de 100 milisegundos 

[INFO] 10:01:31:748 LOG-GLOBAL-CPU/(5256:5257): Se ejecuta la operacion NO_OP con un retardo de 100 milisegundos 

[INFO] 10:01:31:848 LOG-GLOBAL-CPU/(5256:5257): Se ejecuta la operacion NO_OP con un retardo de 100 milisegundos 

[INFO] 10:01:31:949 LOG-GLOBAL-CPU/(5256:5257): Se ejecuta la operacion NO_OP con un retardo de 100 milisegundos 

[INFO] 10:01:32:049 LOG-GLOBAL-CPU/(5256:5257): Se ejecuta la operacion NO_OP con un retardo de 100 milisegundos 

[INFO] 10:01:32:149 LOG-GLOBAL-CPU/(5256:5257): Se ejecuta la operacion NO_OP con un retardo de 100 milisegundos 

[INFO] 10:01:32:149 LOG-GLOBAL-CPU/(5256:5257): Se ejecuta una operacion de i/o, el PCB se devolvera a Kernel 

[INFO] 10:01:32:253 LOG-GLOBAL-CPU/(5256:5257): Se ejecuta la operacion NO_OP con un retardo de 100 milisegundos 

[INFO] 10:01:32:254 LOG-GLOBAL-CPU/(5256:5257): Se ejecuta una operacion de escritura. Se realizara la traduccion de DL a un 

[INFO] 10:01:32:357 LOG-GLOBAL-CPU/(5256:5257): Se ejecuta la operacion NO_OP con un retardo de 100 milisegundos 

[INFO] 10:01:32:457 LOG-GLOBAL-CPU/(5256:5257): Se ejecuta la operacion NO_OP con un retardo de 100 milisegundos 

[INFO] 10:01:32:558 LOG-GLOBAL-CPU/(5256:5257): Se ejecuta la operacion NO_OP con un retardo de 100 milisegundos 

[INFO] 10:01:32:658 LOG-GLOBAL-CPU/(5256:5257): Se ejecuta la operacion NO_OP con un retardo de 100 milisegundos 

[INFO] 10:01:32:759 LOG-GLOBAL-CPU/(5256:5257): Se ejecuta la operacion NO_OP con un retardo de 100 milisegundos 

[INFO] 10:01:32:859 LOG-GLOBAL-CPU/(5256:5257): Se ejecuta la operacion NO_OP con un retardo de 100 milisegundos 

[INFO] 10:01:32:959 LOG-GLOBAL-CPU/(5256:5257): Se ejecuta la operacion NO_OP con un retardo de 100 milisegundos 

[INFO] 10:01:33:059 LOG-GLOBAL-CPU/(5256:5257): Se ejecuta la operacion NO_OP con un retardo de 100 milisegundos 

[INFO] 10:01:33:160 LOG-GLOBAL-CPU/(5256:5257): Se ejecuta la operacion NO_OP con un retardo de 100 milisegundos 

[INFO] 10:01:33:260 LOG-GLOBAL-CPU/(5256:5257): Se ejecuta la operacion NO_OP con un retardo de 100 milisegundos 

[INFO] 10:01:33:260 LOG-GLOBAL-CPU/(5256:5257): Se ejecuta una operacion de i/o, el PCB se devolvera a Kernel 

[INFO] 10:01:33:363 LOG-GLOBAL-CPU/(5256:5257): Se ejecuta la operacion NO_OP con un retardo de 100 milisegundos 

[INFO] 10:01:33:366 LOG-GLOBAL-CPU/(5256:5257): Se ejecuta una operacion de lectura. Se realizara la traduccion de DL a DF 

[INFO] 10:01:33:469 LOG-GLOBAL-CPU/(5256:5257): Se ejecuta la operacion NO_OP con un retardo de 100 milisegundos 

[INFO] 10:01:33:569 LOG-GLOBAL-CPU/(5256:5257): Se ejecuta la operacion NO_OP con un retardo de 100 milisegundos 

[INFO] 10:01:33:669 LOG-GLOBAL-CPU/(5256:5257): Se ejecuta la operacion NO_OP con un retardo de 100 milisegundos 

[INFO] 10:01:33:769 LOG-GLOBAL-CPU/(5256:5257): Se ejecuta la operacion NO_OP con un retardo de 100 milisegundos 

[INFO] 10:01:33:870 LOG-GLOBAL-CPU/(5256:5257): Se ejecuta la operacion NO_OP con un retardo de 100 milisegundos 

[INFO] 10:01:33:971 LOG-GLOBAL-CPU/(5256:5257): Se ejecuta la operacion NO_OP con un retardo de 100 milisegundos 

[INFO] 10:01:34:071 LOG-GLOBAL-CPU/(5256:5257): Se ejecuta la operacion NO_OP con un retardo de 100 milisegundos 

[INFO] 10:01:34:171 LOG-GLOBAL-CPU/(5256:5257): Se ejecuta la operacion NO_OP con un retardo de 100 milisegundos 

[INFO] 10:01:34:272 LOG-GLOBAL-CPU/(5256:5257): Se ejecuta la operacion NO_OP con un retardo de 100 milisegundos 

[INFO] 10:01:34:372 LOG-GLOBAL-CPU/(5256:5257): Se ejecuta la operacion NO_OP con un retardo de 100 milisegundos 

[INFO] 10:01:34:373 LOG-GLOBAL-CPU/(5256:5257): Se ejecuta una operacion de i/o, el PCB se devolvera a Kernel 

[INFO] 10:01:34:476 LOG-GLOBAL-CPU/(5256:5257): Se ejecuta la operacion NO_OP con un retardo de 100 milisegundos 

[INFO] 10:01:34:479 LOG-GLOBAL-CPU/(5256:5257): Se ejecuta una operacion de lectura. Se realizara la traduccion de DL a DF 

[INFO] 10:01:34:583 LOG-GLOBAL-CPU/(5256:5257): Se ejecuta la operacion NO_OP con un retardo de 100 milisegundos 

[INFO] 10:01:34:683 LOG-GLOBAL-CPU/(5256:5257): Se ejecuta la operacion NO_OP con un retardo de 100 milisegundos 

[INFO] 10:01:34:784 LOG-GLOBAL-CPU/(5256:5257): Se ejecuta la operacion NO_OP con un retardo de 100 milisegundos 

[INFO] 10:01:34:885 LOG-GLOBAL-CPU/(5256:5257): Se ejecuta la operacion NO_OP con un retardo de 100 milisegundos 

[INFO] 10:01:34:985 LOG-GLOBAL-CPU/(5256:5257): Se ejecuta la operacion NO_OP con un retardo de 100 milisegundos 

[INFO] 10:01:35:085 LOG-GLOBAL-CPU/(5256:5257): Se ejecuta la operacion NO_OP con un retardo de 100 milisegundos 

[INFO] 10:01:35:186 LOG-GLOBAL-CPU/(5256:5257): Se ejecuta la operacion NO_OP con un retardo de 100 milisegundos 

[INFO] 10:01:35:286 LOG-GLOBAL-CPU/(5256:5257): Se ejecuta la operacion NO_OP con un retardo de 100 milisegundos 

[INFO] 10:01:35:386 LOG-GLOBAL-CPU/(5256:5257): Se ejecuta la operacion NO_OP con un retardo de 100 milisegundos 

[INFO] 10:01:35:487 LOG-GLOBAL-CPU/(5256:5257): Se ejecuta la operacion NO_OP con un retardo de 100 milisegundos 

[INFO] 10:01:35:487 LOG-GLOBAL-CPU/(5256:5257): Se ejecuta una operacion de i/o, el PCB se devolvera a Kernel 

[INFO] 10:01:35:590 LOG-GLOBAL-CPU/(5256:5257): Se ejecuta la operacion NO_OP con un retardo de 100 milisegundos 

[INFO] 10:01:35:592 LOG-GLOBAL-CPU/(5256:5257): Se ejecuta una operacion de lectura. Se realizara la traduccion de DL a DF 

[INFO] 10:01:35:695 LOG-GLOBAL-CPU/(5256:5257): Se ejecuta la operacion NO_OP con un retardo de 100 milisegundos 

[INFO] 10:01:35:796 LOG-GLOBAL-CPU/(5256:5257): Se ejecuta la operacion NO_OP con un retardo de 100 milisegundos 

[INFO] 10:01:35:896 LOG-GLOBAL-CPU/(5256:5257): Se ejecuta la operacion NO_OP con un retardo de 100 milisegundos 

[INFO] 10:01:35:997 LOG-GLOBAL-CPU/(5256:5257): Se ejecuta la operacion NO_OP con un retardo de 100 milisegundos 

[INFO] 10:01:36:098 LOG-GLOBAL-CPU/(5256:5257): Se ejecuta la operacion NO_OP con un retardo de 100 milisegundos 

[INFO] 10:01:36:199 LOG-GLOBAL-CPU/(5256:5257): Se ejecuta la operacion NO_OP con un retardo de 100 milisegundos 

[INFO] 10:01:36:299 LOG-GLOBAL-CPU/(5256:5257): Se ejecuta la operacion NO_OP con un retardo de 100 milisegundos 

[INFO] 10:01:36:400 LOG-GLOBAL-CPU/(5256:5257): Se ejecuta la operacion NO_OP con un retardo de 100 milisegundos 

[INFO] 10:01:36:500 LOG-GLOBAL-CPU/(5256:5257): Se ejecuta la operacion NO_OP con un retardo de 100 milisegundos 

[INFO] 10:01:36:601 LOG-GLOBAL-CPU/(5256:5257): Se ejecuta la operacion NO_OP con un retardo de 100 milisegundos 

[INFO] 10:01:36:602 LOG-GLOBAL-CPU/(5256:5257): Se ejecuta una operacion de i/o, el PCB se devolvera a Kernel 

[INFO] 10:01:36:605 LOG-GLOBAL-CPU/(5256:5257): Se ejecuta una operacion de lectura. Se realizara la traduccion de DL a DF 

[INFO] 10:01:38:614 LOG-GLOBAL-CPU/(5256:5257): Se ejecuta una operacion de lectura. Se realizara la traduccion de DL a DF 

[INFO] 10:01:38:717 LOG-GLOBAL-CPU/(5256:5257): Se ejecuta la operacion NO_OP con un retardo de 100 milisegundos 

[INFO] 10:01:38:818 LOG-GLOBAL-CPU/(5256:5257): Se ejecuta la operacion NO_OP con un retardo de 100 milisegundos 

[INFO] 10:01:38:919 LOG-GLOBAL-CPU/(5256:5257): Se ejecuta la operacion NO_OP con un retardo de 100 milisegundos 

[INFO] 10:01:39:022 LOG-GLOBAL-CPU/(5256:5257): Se ejecuta la operacion NO_OP con un retardo de 100 milisegundos 

[INFO] 10:01:39:122 LOG-GLOBAL-CPU/(5256:5257): Se ejecuta la operacion NO_OP con un retardo de 100 milisegundos 

[INFO] 10:01:39:223 LOG-GLOBAL-CPU/(5256:5257): Se ejecuta la operacion NO_OP con un retardo de 100 milisegundos 

[INFO] 10:01:39:323 LOG-GLOBAL-CPU/(5256:5257): Se ejecuta la operacion NO_OP con un retardo de 100 milisegundos 

[INFO] 10:01:39:424 LOG-GLOBAL-CPU/(5256:5257): Se ejecuta la operacion NO_OP con un retardo de 100 milisegundos 

[INFO] 10:01:39:524 LOG-GLOBAL-CPU/(5256:5257): Se ejecuta la operacion NO_OP con un retardo de 100 milisegundos 

[INFO] 10:01:39:625 LOG-GLOBAL-CPU/(5256:5257): Se ejecuta la operacion NO_OP con un retardo de 100 milisegundos 

[INFO] 10:01:39:625 LOG-GLOBAL-CPU/(5256:5257): Se ejecuta una operacion de i/o, el PCB se devolvera a Kernel 

[INFO] 10:01:39:627 LOG-GLOBAL-CPU/(5256:5257): Se ejecuta una operacion de lectura. Se realizara la traduccion de DL a DF 

[INFO] 10:01:41:634 LOG-GLOBAL-CPU/(5256:5257): Se ejecuta la instruccion EXIT. El proceso sera devuelto a kernel 

[DEBUG] 10:01:41:634 LOG-GLOBAL-CPU/(5256:5257): El proceso fue devuelto a kernel porque finalizo 

[INFO] 10:01:42:638 LOG-GLOBAL-CPU/(5256:5257): Se ejecuta una operacion de lectura. Se realizara la traduccion de DL a DF 

[INFO] 10:01:44:643 LOG-GLOBAL-CPU/(5256:5257): Se ejecuta una operacion de lectura. Se realizara la traduccion de DL a DF 

[INFO] 10:01:46:647 LOG-GLOBAL-CPU/(5256:5257): Se ejecuta una operacion de lectura. Se realizara la traduccion de DL a DF 

[INFO] 10:01:48:653 LOG-GLOBAL-CPU/(5256:5257): Se ejecuta una operacion de lectura. Se realizara la traduccion de DL a DF 

[INFO] 10:01:50:757 LOG-GLOBAL-CPU/(5256:5257): Se ejecuta la operacion NO_OP con un retardo de 100 milisegundos 

[INFO] 10:01:50:858 LOG-GLOBAL-CPU/(5256:5257): Se ejecuta la operacion NO_OP con un retardo de 100 milisegundos 

[INFO] 10:01:50:958 LOG-GLOBAL-CPU/(5256:5257): Se ejecuta la operacion NO_OP con un retardo de 100 milisegundos 

[INFO] 10:01:51:059 LOG-GLOBAL-CPU/(5256:5257): Se ejecuta la operacion NO_OP con un retardo de 100 milisegundos 

[INFO] 10:01:51:159 LOG-GLOBAL-CPU/(5256:5257): Se ejecuta la operacion NO_OP con un retardo de 100 milisegundos 

[INFO] 10:01:51:260 LOG-GLOBAL-CPU/(5256:5257): Se ejecuta la operacion NO_OP con un retardo de 100 milisegundos 

[INFO] 10:01:51:361 LOG-GLOBAL-CPU/(5256:5257): Se ejecuta la operacion NO_OP con un retardo de 100 milisegundos 

[INFO] 10:01:51:462 LOG-GLOBAL-CPU/(5256:5257): Se ejecuta la operacion NO_OP con un retardo de 100 milisegundos 

[INFO] 10:01:51:563 LOG-GLOBAL-CPU/(5256:5257): Se ejecuta la operacion NO_OP con un retardo de 100 milisegundos 

[INFO] 10:01:51:664 LOG-GLOBAL-CPU/(5256:5257): Se ejecuta la operacion NO_OP con un retardo de 100 milisegundos 

[INFO] 10:01:51:664 LOG-GLOBAL-CPU/(5256:5257): Se ejecuta una operacion de lectura. Se realizara la traduccion de DL a DF 

[INFO] 10:01:53:670 LOG-GLOBAL-CPU/(5256:5257): Se ejecuta una operacion de lectura. Se realizara la traduccion de DL a DF 

[INFO] 10:01:55:677 LOG-GLOBAL-CPU/(5256:5257): Se ejecuta una operacion de lectura. Se realizara la traduccion de DL a DF 

[INFO] 10:01:57:687 LOG-GLOBAL-CPU/(5256:5257): Se ejecuta una operacion de lectura. Se realizara la traduccion de DL a DF 

[INFO] 10:01:59:692 LOG-GLOBAL-CPU/(5256:5257): Se ejecuta una operacion de lectura. Se realizara la traduccion de DL a DF 

[INFO] 10:02:01:698 LOG-GLOBAL-CPU/(5256:5257): Se ejecuta una operacion de lectura. Se realizara la traduccion de DL a DF 

[INFO] 10:02:03:808 LOG-GLOBAL-CPU/(5256:5257): Se ejecuta la operacion NO_OP con un retardo de 100 milisegundos 

[INFO] 10:02:03:908 LOG-GLOBAL-CPU/(5256:5257): Se ejecuta la operacion NO_OP con un retardo de 100 milisegundos 

[INFO] 10:02:04:008 LOG-GLOBAL-CPU/(5256:5257): Se ejecuta la operacion NO_OP con un retardo de 100 milisegundos 

[INFO] 10:02:04:108 LOG-GLOBAL-CPU/(5256:5257): Se ejecuta la operacion NO_OP con un retardo de 100 milisegundos 

[INFO] 10:02:04:210 LOG-GLOBAL-CPU/(5256:5257): Se ejecuta la operacion NO_OP con un retardo de 100 milisegundos 

[INFO] 10:02:04:312 LOG-GLOBAL-CPU/(5256:5257): Se ejecuta la operacion NO_OP con un retardo de 100 milisegundos 

[INFO] 10:02:04:416 LOG-GLOBAL-CPU/(5256:5257): Se ejecuta la operacion NO_OP con un retardo de 100 milisegundos 

[INFO] 10:02:04:517 LOG-GLOBAL-CPU/(5256:5257): Se ejecuta la operacion NO_OP con un retardo de 100 milisegundos 

[INFO] 10:02:04:618 LOG-GLOBAL-CPU/(5256:5257): Se ejecuta la operacion NO_OP con un retardo de 100 milisegundos 

[INFO] 10:02:04:722 LOG-GLOBAL-CPU/(5256:5257): Se ejecuta la operacion NO_OP con un retardo de 100 milisegundos 

[INFO] 10:02:04:726 LOG-GLOBAL-CPU/(5256:5257): Se ejecuta una operacion de lectura. Se realizara la traduccion de DL a DF 

[INFO] 10:02:06:735 LOG-GLOBAL-CPU/(5256:5257): Se ejecuta una operacion de lectura. Se realizara la traduccion de DL a DF 

[INFO] 10:02:08:739 LOG-GLOBAL-CPU/(5256:5257): Se ejecuta una operacion de lectura. Se realizara la traduccion de DL a DF 

[INFO] 10:02:10:742 LOG-GLOBAL-CPU/(5256:5257): Se ejecuta una operacion de lectura. Se realizara la traduccion de DL a DF 

[INFO] 10:02:12:748 LOG-GLOBAL-CPU/(5256:5257): Se ejecuta una operacion de lectura. Se realizara la traduccion de DL a DF 

[INFO] 10:02:14:761 LOG-GLOBAL-CPU/(5256:5257): Se ejecuta una operacion de lectura. Se realizara la traduccion de DL a DF 

[INFO] 10:02:16:867 LOG-GLOBAL-CPU/(5256:5257): Se ejecuta la operacion NO_OP con un retardo de 100 milisegundos 

[INFO] 10:02:16:968 LOG-GLOBAL-CPU/(5256:5257): Se ejecuta la operacion NO_OP con un retardo de 100 milisegundos 

[INFO] 10:02:17:069 LOG-GLOBAL-CPU/(5256:5257): Se ejecuta la operacion NO_OP con un retardo de 100 milisegundos 

[INFO] 10:02:17:170 LOG-GLOBAL-CPU/(5256:5257): Se ejecuta la operacion NO_OP con un retardo de 100 milisegundos 

[INFO] 10:02:17:270 LOG-GLOBAL-CPU/(5256:5257): Se ejecuta la operacion NO_OP con un retardo de 100 milisegundos 

[INFO] 10:02:17:370 LOG-GLOBAL-CPU/(5256:5257): Se ejecuta la operacion NO_OP con un retardo de 100 milisegundos 

[INFO] 10:02:17:471 LOG-GLOBAL-CPU/(5256:5257): Se ejecuta la operacion NO_OP con un retardo de 100 milisegundos 

[INFO] 10:02:17:571 LOG-GLOBAL-CPU/(5256:5257): Se ejecuta la operacion NO_OP con un retardo de 100 milisegundos 

[INFO] 10:02:17:672 LOG-GLOBAL-CPU/(5256:5257): Se ejecuta la operacion NO_OP con un retardo de 100 milisegundos 

[INFO] 10:02:17:773 LOG-GLOBAL-CPU/(5256:5257): Se ejecuta la operacion NO_OP con un retardo de 100 milisegundos 

[INFO] 10:02:17:777 LOG-GLOBAL-CPU/(5256:5257): Se ejecuta una operacion de lectura. Se realizara la traduccion de DL a DF 

[INFO] 10:02:19:783 LOG-GLOBAL-CPU/(5256:5257): Se ejecuta una operacion de lectura. Se realizara la traduccion de DL a DF 

[INFO] 10:02:21:788 LOG-GLOBAL-CPU/(5256:5257): Se ejecuta una operacion de lectura. Se realizara la traduccion de DL a DF 

[INFO] 10:02:23:793 LOG-GLOBAL-CPU/(5256:5257): Se ejecuta una operacion de lectura. Se realizara la traduccion de DL a DF 

[INFO] 10:02:25:797 LOG-GLOBAL-CPU/(5256:5257): Se ejecuta una operacion de lectura. Se realizara la traduccion de DL a DF 

[INFO] 10:02:27:804 LOG-GLOBAL-CPU/(5256:5257): Se ejecuta una operacion de lectura. Se realizara la traduccion de DL a DF 

[INFO] 10:02:29:913 LOG-GLOBAL-CPU/(5256:5257): Se ejecuta la operacion NO_OP con un retardo de 100 milisegundos 

[INFO] 10:02:30:015 LOG-GLOBAL-CPU/(5256:5257): Se ejecuta la operacion NO_OP con un retardo de 100 milisegundos 

[INFO] 10:02:30:115 LOG-GLOBAL-CPU/(5256:5257): Se ejecuta la operacion NO_OP con un retardo de 100 milisegundos 

[INFO] 10:02:30:216 LOG-GLOBAL-CPU/(5256:5257): Se ejecuta la operacion NO_OP con un retardo de 100 milisegundos 

[INFO] 10:02:30:316 LOG-GLOBAL-CPU/(5256:5257): Se ejecuta la operacion NO_OP con un retardo de 100 milisegundos 

[INFO] 10:02:30:417 LOG-GLOBAL-CPU/(5256:5257): Se ejecuta la operacion NO_OP con un retardo de 100 milisegundos 

[INFO] 10:02:30:517 LOG-GLOBAL-CPU/(5256:5257): Se ejecuta la operacion NO_OP con un retardo de 100 milisegundos 

[INFO] 10:02:30:618 LOG-GLOBAL-CPU/(5256:5257): Se ejecuta la operacion NO_OP con un retardo de 100 milisegundos 

[INFO] 10:02:30:719 LOG-GLOBAL-CPU/(5256:5257): Se ejecuta la operacion NO_OP con un retardo de 100 milisegundos 

[INFO] 10:02:30:819 LOG-GLOBAL-CPU/(5256:5257): Se ejecuta la operacion NO_OP con un retardo de 100 milisegundos 

[INFO] 10:02:30:820 LOG-GLOBAL-CPU/(5256:5257): Se ejecuta una operacion de lectura. Se realizara la traduccion de DL a DF 

[INFO] 10:02:32:824 LOG-GLOBAL-CPU/(5256:5257): Se ejecuta una operacion de lectura. Se realizara la traduccion de DL a DF 

[INFO] 10:02:34:831 LOG-GLOBAL-CPU/(5256:5257): Se ejecuta una operacion de lectura. Se realizara la traduccion de DL a DF 

[INFO] 10:02:36:836 LOG-GLOBAL-CPU/(5256:5257): Se ejecuta una operacion de lectura. Se realizara la traduccion de DL a DF 

[INFO] 10:02:38:842 LOG-GLOBAL-CPU/(5256:5257): Se ejecuta una operacion de lectura. Se realizara la traduccion de DL a DF 

[INFO] 10:02:40:847 LOG-GLOBAL-CPU/(5256:5257): Se ejecuta una operacion de lectura. Se realizara la traduccion de DL a DF 

[INFO] 10:02:42:953 LOG-GLOBAL-CPU/(5256:5257): Se ejecuta la operacion NO_OP con un retardo de 100 milisegundos 

[INFO] 10:02:43:053 LOG-GLOBAL-CPU/(5256:5257): Se ejecuta la operacion NO_OP con un retardo de 100 milisegundos 

[INFO] 10:02:43:153 LOG-GLOBAL-CPU/(5256:5257): Se ejecuta la operacion NO_OP con un retardo de 100 milisegundos 

[INFO] 10:02:43:254 LOG-GLOBAL-CPU/(5256:5257): Se ejecuta la operacion NO_OP con un retardo de 100 milisegundos 

[INFO] 10:02:43:354 LOG-GLOBAL-CPU/(5256:5257): Se ejecuta la operacion NO_OP con un retardo de 100 milisegundos 

[INFO] 10:02:43:455 LOG-GLOBAL-CPU/(5256:5257): Se ejecuta la operacion NO_OP con un retardo de 100 milisegundos 

[INFO] 10:02:43:555 LOG-GLOBAL-CPU/(5256:5257): Se ejecuta la operacion NO_OP con un retardo de 100 milisegundos 

[INFO] 10:02:43:656 LOG-GLOBAL-CPU/(5256:5257): Se ejecuta la operacion NO_OP con un retardo de 100 milisegundos 

[INFO] 10:02:43:757 LOG-GLOBAL-CPU/(5256:5257): Se ejecuta la operacion NO_OP con un retardo de 100 milisegundos 

[INFO] 10:02:43:857 LOG-GLOBAL-CPU/(5256:5257): Se ejecuta la operacion NO_OP con un retardo de 100 milisegundos 

[INFO] 10:02:43:857 LOG-GLOBAL-CPU/(5256:5257): Se ejecuta una operacion de lectura. Se realizara la traduccion de DL a DF 

[INFO] 10:02:45:862 LOG-GLOBAL-CPU/(5256:5257): Se ejecuta una operacion de lectura. Se realizara la traduccion de DL a DF 

[INFO] 10:02:47:867 LOG-GLOBAL-CPU/(5256:5257): Se ejecuta una operacion de lectura. Se realizara la traduccion de DL a DF 

[INFO] 10:02:49:872 LOG-GLOBAL-CPU/(5256:5257): Se ejecuta una operacion de lectura. Se realizara la traduccion de DL a DF 

[INFO] 10:02:51:878 LOG-GLOBAL-CPU/(5256:5257): Se ejecuta una operacion de lectura. Se realizara la traduccion de DL a DF 

[INFO] 10:02:53:882 LOG-GLOBAL-CPU/(5256:5257): Se ejecuta una operacion de lectura. Se realizara la traduccion de DL a DF 

[INFO] 10:02:55:988 LOG-GLOBAL-CPU/(5256:5257): Se ejecuta la operacion NO_OP con un retardo de 100 milisegundos 

[INFO] 10:02:56:088 LOG-GLOBAL-CPU/(5256:5257): Se ejecuta la operacion NO_OP con un retardo de 100 milisegundos 

[INFO] 10:02:56:189 LOG-GLOBAL-CPU/(5256:5257): Se ejecuta la operacion NO_OP con un retardo de 100 milisegundos 

[INFO] 10:02:56:289 LOG-GLOBAL-CPU/(5256:5257): Se ejecuta la operacion NO_OP con un retardo de 100 milisegundos 

[INFO] 10:02:56:389 LOG-GLOBAL-CPU/(5256:5257): Se ejecuta la operacion NO_OP con un retardo de 100 milisegundos 

[INFO] 10:02:56:490 LOG-GLOBAL-CPU/(5256:5257): Se ejecuta la operacion NO_OP con un retardo de 100 milisegundos 

[INFO] 10:02:56:591 LOG-GLOBAL-CPU/(5256:5257): Se ejecuta la operacion NO_OP con un retardo de 100 milisegundos 

[INFO] 10:02:56:691 LOG-GLOBAL-CPU/(5256:5257): Se ejecuta la operacion NO_OP con un retardo de 100 milisegundos 

[INFO] 10:02:56:791 LOG-GLOBAL-CPU/(5256:5257): Se ejecuta la operacion NO_OP con un retardo de 100 milisegundos 

[INFO] 10:02:56:891 LOG-GLOBAL-CPU/(5256:5257): Se ejecuta la operacion NO_OP con un retardo de 100 milisegundos 

[INFO] 10:02:56:992 LOG-GLOBAL-CPU/(5256:5257): Se ejecuta la operacion NO_OP con un retardo de 100 milisegundos 

[INFO] 10:02:57:092 LOG-GLOBAL-CPU/(5256:5257): Se ejecuta la operacion NO_OP con un retardo de 100 milisegundos 

[INFO] 10:02:57:193 LOG-GLOBAL-CPU/(5256:5257): Se ejecuta la operacion NO_OP con un retardo de 100 milisegundos 

[INFO] 10:02:57:293 LOG-GLOBAL-CPU/(5256:5257): Se ejecuta la operacion NO_OP con un retardo de 100 milisegundos 

[INFO] 10:02:57:394 LOG-GLOBAL-CPU/(5256:5257): Se ejecuta la operacion NO_OP con un retardo de 100 milisegundos 

[INFO] 10:02:57:494 LOG-GLOBAL-CPU/(5256:5257): Se ejecuta la operacion NO_OP con un retardo de 100 milisegundos 

[INFO] 10:02:57:595 LOG-GLOBAL-CPU/(5256:5257): Se ejecuta la operacion NO_OP con un retardo de 100 milisegundos 

[INFO] 10:02:57:695 LOG-GLOBAL-CPU/(5256:5257): Se ejecuta la operacion NO_OP con un retardo de 100 milisegundos 

[INFO] 10:02:57:796 LOG-GLOBAL-CPU/(5256:5257): Se ejecuta la operacion NO_OP con un retardo de 100 milisegundos 

[INFO] 10:02:57:896 LOG-GLOBAL-CPU/(5256:5257): Se ejecuta la operacion NO_OP con un retardo de 100 milisegundos 

[INFO] 10:02:57:896 LOG-GLOBAL-CPU/(5256:5257): Se ejecuta una operacion de lectura. Se realizara la traduccion de DL a DF 

[INFO] 10:02:59:902 LOG-GLOBAL-CPU/(5256:5257): Se ejecuta una operacion de lectura. Se realizara la traduccion de DL a DF 

[INFO] 10:03:01:908 LOG-GLOBAL-CPU/(5256:5257): Se ejecuta una operacion de lectura. Se realizara la traduccion de DL a DF 

[INFO] 10:03:03:914 LOG-GLOBAL-CPU/(5256:5257): Se ejecuta una operacion de lectura. Se realizara la traduccion de DL a DF 

[INFO] 10:03:05:919 LOG-GLOBAL-CPU/(5256:5257): Se ejecuta una operacion de lectura. Se realizara la traduccion de DL a DF 

[INFO] 10:03:07:924 LOG-GLOBAL-CPU/(5256:5257): Se ejecuta una operacion de lectura. Se realizara la traduccion de DL a DF 

[INFO] 10:03:10:031 LOG-GLOBAL-CPU/(5256:5257): Se ejecuta la operacion NO_OP con un retardo de 100 milisegundos 

[INFO] 10:03:10:131 LOG-GLOBAL-CPU/(5256:5257): Se ejecuta la operacion NO_OP con un retardo de 100 milisegundos 

[INFO] 10:03:10:231 LOG-GLOBAL-CPU/(5256:5257): Se ejecuta la operacion NO_OP con un retardo de 100 milisegundos 

[INFO] 10:03:10:332 LOG-GLOBAL-CPU/(5256:5257): Se ejecuta la operacion NO_OP con un retardo de 100 milisegundos 

[INFO] 10:03:10:432 LOG-GLOBAL-CPU/(5256:5257): Se ejecuta la operacion NO_OP con un retardo de 100 milisegundos 

[INFO] 10:03:10:533 LOG-GLOBAL-CPU/(5256:5257): Se ejecuta la operacion NO_OP con un retardo de 100 milisegundos 

[INFO] 10:03:10:634 LOG-GLOBAL-CPU/(5256:5257): Se ejecuta la operacion NO_OP con un retardo de 100 milisegundos 

[INFO] 10:03:10:735 LOG-GLOBAL-CPU/(5256:5257): Se ejecuta la operacion NO_OP con un retardo de 100 milisegundos 

[INFO] 10:03:10:836 LOG-GLOBAL-CPU/(5256:5257): Se ejecuta la operacion NO_OP con un retardo de 100 milisegundos 

[INFO] 10:03:10:937 LOG-GLOBAL-CPU/(5256:5257): Se ejecuta la operacion NO_OP con un retardo de 100 milisegundos 

[INFO] 10:03:10:937 LOG-GLOBAL-CPU/(5256:5257): Se ejecuta una operacion de lectura. Se realizara la traduccion de DL a DF 

[INFO] 10:03:12:941 LOG-GLOBAL-CPU/(5256:5257): Se ejecuta una operacion de lectura. Se realizara la traduccion de DL a DF 

[INFO] 10:03:14:946 LOG-GLOBAL-CPU/(5256:5257): Se ejecuta una operacion de lectura. Se realizara la traduccion de DL a DF 

[INFO] 10:03:16:951 LOG-GLOBAL-CPU/(5256:5257): Se ejecuta una operacion de lectura. Se realizara la traduccion de DL a DF 

[INFO] 10:03:18:956 LOG-GLOBAL-CPU/(5256:5257): Se ejecuta una operacion de lectura. Se realizara la traduccion de DL a DF 

[INFO] 10:03:20:961 LOG-GLOBAL-CPU/(5256:5257): Se ejecuta una operacion de lectura. Se realizara la traduccion de DL a DF 

[INFO] 10:03:23:067 LOG-GLOBAL-CPU/(5256:5257): Se ejecuta la operacion NO_OP con un retardo de 100 milisegundos 

[INFO] 10:03:23:168 LOG-GLOBAL-CPU/(5256:5257): Se ejecuta la operacion NO_OP con un retardo de 100 milisegundos 

[INFO] 10:03:23:268 LOG-GLOBAL-CPU/(5256:5257): Se ejecuta la operacion NO_OP con un retardo de 100 milisegundos 

[INFO] 10:03:23:369 LOG-GLOBAL-CPU/(5256:5257): Se ejecuta la operacion NO_OP con un retardo de 100 milisegundos 

[INFO] 10:03:23:469 LOG-GLOBAL-CPU/(5256:5257): Se ejecuta la operacion NO_OP con un retardo de 100 milisegundos 

[INFO] 10:03:23:570 LOG-GLOBAL-CPU/(5256:5257): Se ejecuta la operacion NO_OP con un retardo de 100 milisegundos 

[INFO] 10:03:23:670 LOG-GLOBAL-CPU/(5256:5257): Se ejecuta la operacion NO_OP con un retardo de 100 milisegundos 

[INFO] 10:03:23:771 LOG-GLOBAL-CPU/(5256:5257): Se ejecuta la operacion NO_OP con un retardo de 100 milisegundos 

[INFO] 10:03:23:871 LOG-GLOBAL-CPU/(5256:5257): Se ejecuta la operacion NO_OP con un retardo de 100 milisegundos 

[INFO] 10:03:23:971 LOG-GLOBAL-CPU/(5256:5257): Se ejecuta la operacion NO_OP con un retardo de 100 milisegundos 

[INFO] 10:03:23:972 LOG-GLOBAL-CPU/(5256:5257): Se ejecuta una operacion de lectura. Se realizara la traduccion de DL a DF 

[INFO] 10:03:25:975 LOG-GLOBAL-CPU/(5256:5257): Se ejecuta una operacion de lectura. Se realizara la traduccion de DL a DF 

[INFO] 10:03:27:979 LOG-GLOBAL-CPU/(5256:5257): Se ejecuta una operacion de lectura. Se realizara la traduccion de DL a DF 

[INFO] 10:03:29:984 LOG-GLOBAL-CPU/(5256:5257): Se ejecuta una operacion de lectura. Se realizara la traduccion de DL a DF 

[INFO] 10:03:31:990 LOG-GLOBAL-CPU/(5256:5257): Se ejecuta una operacion de lectura. Se realizara la traduccion de DL a DF 

[INFO] 10:03:33:995 LOG-GLOBAL-CPU/(5256:5257): Se ejecuta una operacion de lectura. Se realizara la traduccion de DL a DF 

[INFO] 10:03:36:101 LOG-GLOBAL-CPU/(5256:5257): Se ejecuta la operacion NO_OP con un retardo de 100 milisegundos 

[INFO] 10:03:36:201 LOG-GLOBAL-CPU/(5256:5257): Se ejecuta la operacion NO_OP con un retardo de 100 milisegundos 

[INFO] 10:03:36:301 LOG-GLOBAL-CPU/(5256:5257): Se ejecuta la operacion NO_OP con un retardo de 100 milisegundos 

[INFO] 10:03:36:402 LOG-GLOBAL-CPU/(5256:5257): Se ejecuta la operacion NO_OP con un retardo de 100 milisegundos 

[INFO] 10:03:36:502 LOG-GLOBAL-CPU/(5256:5257): Se ejecuta la operacion NO_OP con un retardo de 100 milisegundos 

[INFO] 10:03:36:602 LOG-GLOBAL-CPU/(5256:5257): Se ejecuta la operacion NO_OP con un retardo de 100 milisegundos 

[INFO] 10:03:36:703 LOG-GLOBAL-CPU/(5256:5257): Se ejecuta la operacion NO_OP con un retardo de 100 milisegundos 

[INFO] 10:03:36:804 LOG-GLOBAL-CPU/(5256:5257): Se ejecuta la operacion NO_OP con un retardo de 100 milisegundos 

[INFO] 10:03:36:904 LOG-GLOBAL-CPU/(5256:5257): Se ejecuta la operacion NO_OP con un retardo de 100 milisegundos 

[INFO] 10:03:37:004 LOG-GLOBAL-CPU/(5256:5257): Se ejecuta la operacion NO_OP con un retardo de 100 milisegundos 

[INFO] 10:03:37:004 LOG-GLOBAL-CPU/(5256:5257): Se ejecuta una operacion de lectura. Se realizara la traduccion de DL a DF 

[INFO] 10:03:39:010 LOG-GLOBAL-CPU/(5256:5257): Se ejecuta una operacion de lectura. Se realizara la traduccion de DL a DF 

[INFO] 10:03:41:015 LOG-GLOBAL-CPU/(5256:5257): Se ejecuta una operacion de lectura. Se realizara la traduccion de DL a DF 

[INFO] 10:03:43:020 LOG-GLOBAL-CPU/(5256:5257): Se ejecuta una operacion de lectura. Se realizara la traduccion de DL a DF 

[INFO] 10:03:45:025 LOG-GLOBAL-CPU/(5256:5257): Se ejecuta una operacion de lectura. Se realizara la traduccion de DL a DF 

[INFO] 10:03:47:031 LOG-GLOBAL-CPU/(5256:5257): Se ejecuta una operacion de lectura. Se realizara la traduccion de DL a DF 

[INFO] 10:03:49:135 LOG-GLOBAL-CPU/(5256:5257): Se ejecuta la operacion NO_OP con un retardo de 100 milisegundos 

[INFO] 10:03:49:235 LOG-GLOBAL-CPU/(5256:5257): Se ejecuta la operacion NO_OP con un retardo de 100 milisegundos 

[INFO] 10:03:49:335 LOG-GLOBAL-CPU/(5256:5257): Se ejecuta la operacion NO_OP con un retardo de 100 milisegundos 

[INFO] 10:03:49:436 LOG-GLOBAL-CPU/(5256:5257): Se ejecuta la operacion NO_OP con un retardo de 100 milisegundos 

[INFO] 10:03:49:536 LOG-GLOBAL-CPU/(5256:5257): Se ejecuta la operacion NO_OP con un retardo de 100 milisegundos 

[INFO] 10:03:49:636 LOG-GLOBAL-CPU/(5256:5257): Se ejecuta la operacion NO_OP con un retardo de 100 milisegundos 

[INFO] 10:03:49:737 LOG-GLOBAL-CPU/(5256:5257): Se ejecuta la operacion NO_OP con un retardo de 100 milisegundos 

[INFO] 10:03:49:837 LOG-GLOBAL-CPU/(5256:5257): Se ejecuta la operacion NO_OP con un retardo de 100 milisegundos 

[INFO] 10:03:49:937 LOG-GLOBAL-CPU/(5256:5257): Se ejecuta la operacion NO_OP con un retardo de 100 milisegundos 

[INFO] 10:03:50:037 LOG-GLOBAL-CPU/(5256:5257): Se ejecuta la operacion NO_OP con un retardo de 100 milisegundos 

[INFO] 10:03:50:038 LOG-GLOBAL-CPU/(5256:5257): Se ejecuta la instruccion EXIT. El proceso sera devuelto a kernel 

[DEBUG] 10:03:50:038 LOG-GLOBAL-CPU/(5256:5257): El proceso fue devuelto a kernel porque finalizo 

[INFO] 10:03:51:144 LOG-GLOBAL-CPU/(5256:5257): Se ejecuta la operacion NO_OP con un retardo de 100 milisegundos 

[INFO] 10:03:51:244 LOG-GLOBAL-CPU/(5256:5257): Se ejecuta la operacion NO_OP con un retardo de 100 milisegundos 

[INFO] 10:03:51:244 LOG-GLOBAL-CPU/(5256:5257): Se ejecuta una operacion de i/o, el PCB se devolvera a Kernel 

[INFO] 10:03:51:448 LOG-GLOBAL-CPU/(5256:5257): Se ejecuta la operacion NO_OP con un retardo de 100 milisegundos 

[INFO] 10:03:51:548 LOG-GLOBAL-CPU/(5256:5257): Se ejecuta la operacion NO_OP con un retardo de 100 milisegundos 

[INFO] 10:03:51:548 LOG-GLOBAL-CPU/(5256:5257): Se ejecuta una operacion de i/o, el PCB se devolvera a Kernel 

[INFO] 10:03:51:750 LOG-GLOBAL-CPU/(5256:5257): Se ejecuta la operacion NO_OP con un retardo de 100 milisegundos 

[INFO] 10:03:51:850 LOG-GLOBAL-CPU/(5256:5257): Se ejecuta la operacion NO_OP con un retardo de 100 milisegundos 

[INFO] 10:03:51:850 LOG-GLOBAL-CPU/(5256:5257): Se ejecuta una operacion de i/o, el PCB se devolvera a Kernel 

[INFO] 10:03:52:052 LOG-GLOBAL-CPU/(5256:5257): Se ejecuta la operacion NO_OP con un retardo de 100 milisegundos 

[INFO] 10:03:52:153 LOG-GLOBAL-CPU/(5256:5257): Se ejecuta la operacion NO_OP con un retardo de 100 milisegundos 

[INFO] 10:03:52:153 LOG-GLOBAL-CPU/(5256:5257): Se ejecuta una operacion de i/o, el PCB se devolvera a Kernel 

[INFO] 10:03:52:359 LOG-GLOBAL-CPU/(5256:5257): Se ejecuta la operacion NO_OP con un retardo de 100 milisegundos 

[INFO] 10:03:52:460 LOG-GLOBAL-CPU/(5256:5257): Se ejecuta la operacion NO_OP con un retardo de 100 milisegundos 

[INFO] 10:03:52:460 LOG-GLOBAL-CPU/(5256:5257): Se ejecuta una operacion de i/o, el PCB se devolvera a Kernel 

[INFO] 10:03:52:663 LOG-GLOBAL-CPU/(5256:5257): Se ejecuta la operacion NO_OP con un retardo de 100 milisegundos 

[INFO] 10:03:52:763 LOG-GLOBAL-CPU/(5256:5257): Se ejecuta la operacion NO_OP con un retardo de 100 milisegundos 

[INFO] 10:03:52:763 LOG-GLOBAL-CPU/(5256:5257): Se ejecuta una operacion de i/o, el PCB se devolvera a Kernel 

[INFO] 10:03:52:966 LOG-GLOBAL-CPU/(5256:5257): Se ejecuta la operacion NO_OP con un retardo de 100 milisegundos 

[INFO] 10:03:53:066 LOG-GLOBAL-CPU/(5256:5257): Se ejecuta la operacion NO_OP con un retardo de 100 milisegundos 

[INFO] 10:03:53:066 LOG-GLOBAL-CPU/(5256:5257): Se ejecuta una operacion de i/o, el PCB se devolvera a Kernel 

[INFO] 10:03:53:270 LOG-GLOBAL-CPU/(5256:5257): Se ejecuta la operacion NO_OP con un retardo de 100 milisegundos 

[INFO] 10:03:53:370 LOG-GLOBAL-CPU/(5256:5257): Se ejecuta la operacion NO_OP con un retardo de 100 milisegundos 

[INFO] 10:03:53:371 LOG-GLOBAL-CPU/(5256:5257): Se ejecuta una operacion de i/o, el PCB se devolvera a Kernel 

[INFO] 10:03:53:573 LOG-GLOBAL-CPU/(5256:5257): Se ejecuta la operacion NO_OP con un retardo de 100 milisegundos 

[INFO] 10:03:53:673 LOG-GLOBAL-CPU/(5256:5257): Se ejecuta la operacion NO_OP con un retardo de 100 milisegundos 

[INFO] 10:03:53:673 LOG-GLOBAL-CPU/(5256:5257): Se ejecuta una operacion de i/o, el PCB se devolvera a Kernel 

[INFO] 10:03:53:876 LOG-GLOBAL-CPU/(5256:5257): Se ejecuta la operacion NO_OP con un retardo de 100 milisegundos 

[INFO] 10:03:53:976 LOG-GLOBAL-CPU/(5256:5257): Se ejecuta la operacion NO_OP con un retardo de 100 milisegundos 

[INFO] 10:03:53:976 LOG-GLOBAL-CPU/(5256:5257): Se ejecuta una operacion de i/o, el PCB se devolvera a Kernel 

[INFO] 10:03:54:179 LOG-GLOBAL-CPU/(5256:5257): Se ejecuta la operacion NO_OP con un retardo de 100 milisegundos 

[INFO] 10:03:54:280 LOG-GLOBAL-CPU/(5256:5257): Se ejecuta la operacion NO_OP con un retardo de 100 milisegundos 

[INFO] 10:03:54:280 LOG-GLOBAL-CPU/(5256:5257): Se ejecuta una operacion de i/o, el PCB se devolvera a Kernel 

[INFO] 10:03:54:482 LOG-GLOBAL-CPU/(5256:5257): Se ejecuta la operacion NO_OP con un retardo de 100 milisegundos 

[INFO] 10:03:54:583 LOG-GLOBAL-CPU/(5256:5257): Se ejecuta la operacion NO_OP con un retardo de 100 milisegundos 

[INFO] 10:03:54:583 LOG-GLOBAL-CPU/(5256:5257): Se ejecuta una operacion de i/o, el PCB se devolvera a Kernel 

[INFO] 10:03:54:786 LOG-GLOBAL-CPU/(5256:5257): Se ejecuta la operacion NO_OP con un retardo de 100 milisegundos 

[INFO] 10:03:54:886 LOG-GLOBAL-CPU/(5256:5257): Se ejecuta la operacion NO_OP con un retardo de 100 milisegundos 

[INFO] 10:03:54:886 LOG-GLOBAL-CPU/(5256:5257): Se ejecuta una operacion de i/o, el PCB se devolvera a Kernel 

[INFO] 10:03:55:089 LOG-GLOBAL-CPU/(5256:5257): Se ejecuta la operacion NO_OP con un retardo de 100 milisegundos 

[INFO] 10:03:55:189 LOG-GLOBAL-CPU/(5256:5257): Se ejecuta la operacion NO_OP con un retardo de 100 milisegundos 

[INFO] 10:03:55:189 LOG-GLOBAL-CPU/(5256:5257): Se ejecuta una operacion de i/o, el PCB se devolvera a Kernel 

[INFO] 10:03:55:392 LOG-GLOBAL-CPU/(5256:5257): Se ejecuta la operacion NO_OP con un retardo de 100 milisegundos 

[INFO] 10:03:55:493 LOG-GLOBAL-CPU/(5256:5257): Se ejecuta la operacion NO_OP con un retardo de 100 milisegundos 

[INFO] 10:03:55:493 LOG-GLOBAL-CPU/(5256:5257): Se ejecuta una operacion de i/o, el PCB se devolvera a Kernel 

[INFO] 10:03:55:696 LOG-GLOBAL-CPU/(5256:5257): Se ejecuta la operacion NO_OP con un retardo de 100 milisegundos 

[INFO] 10:03:55:796 LOG-GLOBAL-CPU/(5256:5257): Se ejecuta la operacion NO_OP con un retardo de 100 milisegundos 

[INFO] 10:03:55:796 LOG-GLOBAL-CPU/(5256:5257): Se ejecuta una operacion de i/o, el PCB se devolvera a Kernel 

[INFO] 10:03:55:999 LOG-GLOBAL-CPU/(5256:5257): Se ejecuta la operacion NO_OP con un retardo de 100 milisegundos 

[INFO] 10:03:56:099 LOG-GLOBAL-CPU/(5256:5257): Se ejecuta la operacion NO_OP con un retardo de 100 milisegundos 

[INFO] 10:03:56:100 LOG-GLOBAL-CPU/(5256:5257): Se ejecuta una operacion de i/o, el PCB se devolvera a Kernel 

[INFO] 10:03:56:302 LOG-GLOBAL-CPU/(5256:5257): Se ejecuta la operacion NO_OP con un retardo de 100 milisegundos 

[INFO] 10:03:56:403 LOG-GLOBAL-CPU/(5256:5257): Se ejecuta la operacion NO_OP con un retardo de 100 milisegundos 

[INFO] 10:03:56:403 LOG-GLOBAL-CPU/(5256:5257): Se ejecuta una operacion de i/o, el PCB se devolvera a Kernel 

[INFO] 10:03:56:606 LOG-GLOBAL-CPU/(5256:5257): Se ejecuta la operacion NO_OP con un retardo de 100 milisegundos 

[INFO] 10:03:56:706 LOG-GLOBAL-CPU/(5256:5257): Se ejecuta la operacion NO_OP con un retardo de 100 milisegundos 

[INFO] 10:03:56:706 LOG-GLOBAL-CPU/(5256:5257): Se ejecuta una operacion de i/o, el PCB se devolvera a Kernel 

[INFO] 10:03:56:908 LOG-GLOBAL-CPU/(5256:5257): Se ejecuta la operacion NO_OP con un retardo de 100 milisegundos 

[INFO] 10:03:57:009 LOG-GLOBAL-CPU/(5256:5257): Se ejecuta la operacion NO_OP con un retardo de 100 milisegundos 

[INFO] 10:03:57:009 LOG-GLOBAL-CPU/(5256:5257): Se ejecuta una operacion de i/o, el PCB se devolvera a Kernel 

[INFO] 10:03:57:212 LOG-GLOBAL-CPU/(5256:5257): Se ejecuta la operacion NO_OP con un retardo de 100 milisegundos 

[INFO] 10:03:57:312 LOG-GLOBAL-CPU/(5256:5257): Se ejecuta la operacion NO_OP con un retardo de 100 milisegundos 

[INFO] 10:03:57:313 LOG-GLOBAL-CPU/(5256:5257): Se ejecuta una operacion de i/o, el PCB se devolvera a Kernel 

[INFO] 10:03:57:515 LOG-GLOBAL-CPU/(5256:5257): Se ejecuta la operacion NO_OP con un retardo de 100 milisegundos 

[INFO] 10:03:57:615 LOG-GLOBAL-CPU/(5256:5257): Se ejecuta la operacion NO_OP con un retardo de 100 milisegundos 

[INFO] 10:03:57:615 LOG-GLOBAL-CPU/(5256:5257): Se ejecuta una operacion de i/o, el PCB se devolvera a Kernel 

[INFO] 10:03:57:818 LOG-GLOBAL-CPU/(5256:5257): Se ejecuta la operacion NO_OP con un retardo de 100 milisegundos 

[INFO] 10:03:57:918 LOG-GLOBAL-CPU/(5256:5257): Se ejecuta la operacion NO_OP con un retardo de 100 milisegundos 

[INFO] 10:03:57:918 LOG-GLOBAL-CPU/(5256:5257): Se ejecuta una operacion de i/o, el PCB se devolvera a Kernel 

[INFO] 10:03:58:121 LOG-GLOBAL-CPU/(5256:5257): Se ejecuta la operacion NO_OP con un retardo de 100 milisegundos 

[INFO] 10:03:58:221 LOG-GLOBAL-CPU/(5256:5257): Se ejecuta la operacion NO_OP con un retardo de 100 milisegundos 

[INFO] 10:03:58:221 LOG-GLOBAL-CPU/(5256:5257): Se ejecuta una operacion de i/o, el PCB se devolvera a Kernel 

[INFO] 10:03:58:324 LOG-GLOBAL-CPU/(5256:5257): Se ejecuta la instruccion EXIT. El proceso sera devuelto a kernel 

[DEBUG] 10:03:58:324 LOG-GLOBAL-CPU/(5256:5257): El proceso fue devuelto a kernel porque finalizo 

